SF:C:\Users\Troy\Code\dotNET\GardenCenter\Program.cs
FN:6,System.Void Program::<Main>$(System.String[])
FNDA:0,System.Void Program::<Main>$(System.String[])
DA:7,0
DA:8,0
DA:12,0
DA:13,0
DA:15,0
DA:16,0
DA:17,0
DA:18,0
DA:19,0
DA:20,0
DA:21,0
DA:22,0
DA:23,0
DA:24,0
DA:25,0
DA:26,0
DA:27,0
DA:28,0
DA:29,0
DA:30,0
DA:31,0
DA:32,0
DA:33,0
DA:34,0
DA:35,0
DA:36,0
DA:38,0
DA:41,0
DA:42,0
DA:43,0
DA:44,0
DA:45,0
DA:47,0
DA:49,0
DA:51,0
DA:53,0
BRDA:8,24,0,0
BRDA:8,24,1,0
BRDA:41,135,0,0
BRDA:41,135,1,0
LF:36
LH:0
BRF:4
BRH:0
FNF:1
FNH:0
end_of_record
SF:C:\Users\Troy\.nuget\packages\microsoft.net.test.sdk\16.11.0\build\netcoreapp2.1\Microsoft.NET.Test.Sdk.Program.cs
FN:3,System.Void AutoGeneratedProgram::Main(System.String[])
FNDA:0,System.Void AutoGeneratedProgram::Main(System.String[])
DA:4,0
LF:1
LH:0
BRF:0
BRH:0
FNF:1
FNH:0
end_of_record
SF:C:\Users\Troy\Code\dotNET\GardenCenter\Validation\CustomerValidation.cs
FN:42,System.Collections.Generic.List`1<GardenCenter.Models.Customer> GardenCenter.Validation.CustomerValidation::getCustomers(System.String,System.String,System.String,System.String,System.String,System.String,System.Collections.Generic.List`1<GardenCenter.Models.Customer>)
FNDA:7,System.Collections.Generic.List`1<GardenCenter.Models.Customer> GardenCenter.Validation.CustomerValidation::getCustomers(System.String,System.String,System.String,System.String,System.String,System.String,System.Collections.Generic.List`1<GardenCenter.Models.Customer>)
DA:43,7
DA:45,49
DA:46,14
DA:47,14
DA:48,1
DA:49,1
DA:50,1
DA:51,14
DA:52,1
DA:53,1
DA:54,1
DA:55,14
DA:56,1
DA:57,1
DA:58,1
DA:59,14
DA:60,0
DA:61,0
DA:62,0
DA:63,14
DA:64,1
DA:65,1
DA:66,1
DA:67,14
DA:68,1
DA:69,1
DA:70,1
DA:71,14
DA:72,7
DA:74,7
BRDA:45,299,1,14
BRDA:47,35,0,2
BRDA:47,35,1,12
BRDA:47,54,0,1
BRDA:47,54,1,14
BRDA:51,73,0,2
BRDA:51,73,1,12
BRDA:51,92,0,1
BRDA:51,92,1,14
BRDA:55,111,0,2
BRDA:55,111,1,12
BRDA:55,137,0,1
BRDA:55,137,1,14
BRDA:59,157,0,2
BRDA:59,157,1,12
BRDA:59,184,0,0
BRDA:59,184,1,14
BRDA:63,204,0,2
BRDA:63,204,1,12
BRDA:63,231,0,1
BRDA:63,231,1,14
BRDA:67,251,0,2
BRDA:67,251,1,12
BRDA:67,278,0,1
BRDA:67,278,1,14
BRDA:45,299,0,7
FN:82,System.Boolean GardenCenter.Validation.CustomerValidation::matchingIds(System.Int64,GardenCenter.Models.Customer)
FNDA:2,System.Boolean GardenCenter.Validation.CustomerValidation::matchingIds(System.Int64,GardenCenter.Models.Customer)
DA:83,2
DA:84,2
DA:85,1
DA:86,1
DA:88,1
DA:89,1
DA:91,2
BRDA:84,12,0,1
BRDA:84,12,1,1
FN:99,System.Boolean GardenCenter.Validation.CustomerValidation::emailIsUnique(GardenCenter.Models.Customer,System.Collections.Generic.List`1<GardenCenter.Models.Customer>)
FNDA:2,System.Boolean GardenCenter.Validation.CustomerValidation::emailIsUnique(GardenCenter.Models.Customer,System.Collections.Generic.List`1<GardenCenter.Models.Customer>)
DA:100,2
DA:102,11
DA:103,3
DA:104,3
DA:105,1
DA:106,1
DA:108,2
DA:109,1
DA:110,2
BRDA:102,81,1,3
BRDA:104,42,0,1
BRDA:104,42,1,2
BRDA:104,66,0,1
BRDA:104,66,1,2
BRDA:102,81,0,1
FN:117,System.Boolean GardenCenter.Validation.CustomerValidation::emailIsProperFormat(System.String)
FNDA:2,System.Boolean GardenCenter.Validation.CustomerValidation::emailIsProperFormat(System.String)
DA:118,2
DA:119,2
DA:120,2
DA:121,1
DA:122,1
DA:124,1
DA:125,1
DA:127,2
BRDA:120,21,0,1
BRDA:120,21,1,1
FN:134,System.Boolean GardenCenter.Validation.CustomerValidation::zipcodeIsProperFormat(System.String)
FNDA:3,System.Boolean GardenCenter.Validation.CustomerValidation::zipcodeIsProperFormat(System.String)
DA:135,3
DA:136,3
DA:137,3
DA:138,2
DA:139,2
DA:141,1
DA:142,1
DA:144,3
BRDA:137,21,0,2
BRDA:137,21,1,1
FN:151,System.Boolean GardenCenter.Validation.CustomerValidation::stateIsProperFormat(System.String)
FNDA:2,System.Boolean GardenCenter.Validation.CustomerValidation::stateIsProperFormat(System.String)
DA:152,2
DA:153,2
DA:154,2
DA:155,1
DA:156,1
DA:158,1
DA:159,1
DA:161,2
BRDA:154,21,0,1
BRDA:154,21,1,1
FN:169,System.Boolean GardenCenter.Validation.CustomerValidation::customerExists(System.Int64,System.Collections.Generic.List`1<GardenCenter.Models.Customer>)
FNDA:2,System.Boolean GardenCenter.Validation.CustomerValidation::customerExists(System.Int64,System.Collections.Generic.List`1<GardenCenter.Models.Customer>)
DA:170,2
DA:171,9
DA:172,2
DA:173,2
DA:174,1
DA:175,1
DA:177,1
DA:178,1
DA:179,2
BRDA:171,46,1,2
BRDA:173,31,0,1
BRDA:173,31,1,1
BRDA:171,46,0,1
FN:23,System.Void GardenCenter.Validation.CustomerValidation::.ctor(GardenCenter.Models.DatabaseContext)
FNDA:20,System.Void GardenCenter.Validation.CustomerValidation::.ctor(GardenCenter.Models.DatabaseContext)
DA:24,20
DA:25,20
DA:26,20
DA:27,20
DA:29,20
LF:84
LH:81
BRF:44
BRH:43
FNF:8
FNH:8
end_of_record
SF:C:\Users\Troy\Code\dotNET\GardenCenter\Validation\OrderValidation.cs
FN:41,System.Collections.Generic.List`1<GardenCenter.Models.Order> GardenCenter.Validation.OrderValidation::getOrders(System.Int32,System.String,System.Decimal,System.Int32,System.Int32,System.Collections.Generic.List`1<GardenCenter.Models.Order>)
FNDA:6,System.Collections.Generic.List`1<GardenCenter.Models.Order> GardenCenter.Validation.OrderValidation::getOrders(System.Int32,System.String,System.Decimal,System.Int32,System.Int32,System.Collections.Generic.List`1<GardenCenter.Models.Order>)
DA:42,6
DA:43,42
DA:44,12
DA:45,12
DA:46,1
DA:47,1
DA:48,1
DA:49,12
DA:50,1
DA:51,1
DA:52,1
DA:53,12
DA:54,1
DA:55,1
DA:56,1
DA:57,12
DA:58,1
DA:59,1
DA:60,1
DA:61,12
DA:62,1
DA:63,1
DA:64,1
DA:65,12
DA:66,6
DA:67,6
BRDA:43,259,1,12
BRDA:45,30,0,2
BRDA:45,34,0,2
BRDA:45,30,1,10
BRDA:45,34,1,10
BRDA:45,53,0,1
BRDA:45,53,1,12
BRDA:49,67,0,2
BRDA:49,67,1,10
BRDA:49,86,0,1
BRDA:49,86,1,12
BRDA:53,110,0,2
BRDA:53,123,0,2
BRDA:53,110,1,10
BRDA:53,123,1,10
BRDA:53,144,0,1
BRDA:53,144,1,12
BRDA:57,159,0,2
BRDA:57,164,0,2
BRDA:57,159,1,10
BRDA:57,164,1,10
BRDA:57,191,0,1
BRDA:57,191,1,12
BRDA:61,206,0,2
BRDA:61,211,0,2
BRDA:61,206,1,10
BRDA:61,211,1,10
BRDA:61,238,0,1
BRDA:61,238,1,12
BRDA:43,259,0,6
FN:75,System.Boolean GardenCenter.Validation.OrderValidation::matchingIds(System.Int64,GardenCenter.Models.Order)
FNDA:2,System.Boolean GardenCenter.Validation.OrderValidation::matchingIds(System.Int64,GardenCenter.Models.Order)
DA:76,2
DA:77,2
DA:78,1
DA:79,1
DA:82,1
DA:83,1
DA:85,2
BRDA:77,13,0,1
BRDA:77,13,1,1
FN:92,System.Boolean GardenCenter.Validation.OrderValidation::validDate(System.String)
FNDA:2,System.Boolean GardenCenter.Validation.OrderValidation::validDate(System.String)
DA:93,2
DA:94,2
DA:95,2
DA:96,1
DA:97,1
DA:99,1
DA:100,1
DA:102,2
BRDA:95,21,0,1
BRDA:95,21,1,1
FN:109,System.Boolean GardenCenter.Validation.OrderValidation::validTotal(System.Decimal)
FNDA:2,System.Boolean GardenCenter.Validation.OrderValidation::validTotal(System.Decimal)
DA:110,2
DA:111,2
DA:112,2
DA:113,1
DA:114,1
DA:116,1
DA:117,1
DA:119,2
BRDA:112,27,0,1
BRDA:112,27,1,1
FN:126,System.Boolean GardenCenter.Validation.OrderValidation::validQuantity(System.Int32)
FNDA:2,System.Boolean GardenCenter.Validation.OrderValidation::validQuantity(System.Int32)
DA:127,2
DA:128,2
DA:129,1
DA:130,1
DA:132,1
DA:133,1
DA:135,2
BRDA:128,10,0,1
BRDA:128,10,1,1
FN:143,System.Boolean GardenCenter.Validation.OrderValidation::orderExists(System.Int32,System.Collections.Generic.List`1<GardenCenter.Models.Order>)
FNDA:2,System.Boolean GardenCenter.Validation.OrderValidation::orderExists(System.Int32,System.Collections.Generic.List`1<GardenCenter.Models.Order>)
DA:144,2
DA:145,9
DA:146,2
DA:147,2
DA:148,1
DA:149,1
DA:151,1
DA:152,1
DA:153,2
BRDA:145,46,1,2
BRDA:147,31,0,1
BRDA:147,31,1,1
BRDA:145,46,0,1
FN:23,System.Void GardenCenter.Validation.OrderValidation::.ctor(GardenCenter.Models.DatabaseContext)
FNDA:16,System.Void GardenCenter.Validation.OrderValidation::.ctor(GardenCenter.Models.DatabaseContext)
DA:24,16
DA:25,16
DA:26,16
DA:27,16
DA:29,16
LF:70
LH:70
BRF:42
BRH:42
FNF:7
FNH:7
end_of_record
SF:C:\Users\Troy\Code\dotNET\GardenCenter\Validation\ProductValidation.cs
FN:35,System.Collections.Generic.List`1<GardenCenter.Models.Product> GardenCenter.Validation.ProductValidation::getProducts(System.String,System.String,System.String,System.String,System.Decimal,System.Collections.Generic.List`1<GardenCenter.Models.Product>)
FNDA:6,System.Collections.Generic.List`1<GardenCenter.Models.Product> GardenCenter.Validation.ProductValidation::getProducts(System.String,System.String,System.String,System.String,System.Decimal,System.Collections.Generic.List`1<GardenCenter.Models.Product>)
DA:36,6
DA:37,42
DA:38,12
DA:39,12
DA:40,1
DA:41,1
DA:42,1
DA:43,12
DA:44,1
DA:45,1
DA:46,1
DA:47,12
DA:48,1
DA:49,1
DA:50,1
DA:51,12
DA:52,1
DA:53,1
DA:54,1
DA:55,12
DA:56,1
DA:57,1
DA:58,1
DA:59,12
DA:60,6
DA:61,6
BRDA:37,256,1,12
BRDA:39,35,0,2
BRDA:39,35,1,10
BRDA:39,54,0,1
BRDA:39,54,1,12
BRDA:43,73,0,2
BRDA:43,73,1,10
BRDA:43,92,0,1
BRDA:43,92,1,12
BRDA:47,111,0,2
BRDA:47,111,1,10
BRDA:47,132,0,1
BRDA:47,132,1,12
BRDA:51,152,0,2
BRDA:51,152,1,10
BRDA:51,174,0,1
BRDA:51,174,1,12
BRDA:55,199,0,2
BRDA:55,213,0,2
BRDA:55,199,1,10
BRDA:55,213,1,10
BRDA:55,235,0,1
BRDA:55,235,1,12
BRDA:37,256,0,6
FN:69,System.Boolean GardenCenter.Validation.ProductValidation::matchingIds(System.Int64,GardenCenter.Models.Product)
FNDA:2,System.Boolean GardenCenter.Validation.ProductValidation::matchingIds(System.Int64,GardenCenter.Models.Product)
DA:70,2
DA:71,2
DA:72,1
DA:73,1
DA:75,1
DA:76,1
DA:78,2
BRDA:71,13,0,1
BRDA:71,13,1,1
FN:84,System.Boolean GardenCenter.Validation.ProductValidation::priceIsProperFormat(System.Decimal)
FNDA:2,System.Boolean GardenCenter.Validation.ProductValidation::priceIsProperFormat(System.Decimal)
DA:85,2
DA:87,2
DA:88,2
DA:89,1
DA:90,1
DA:92,1
DA:93,1
DA:95,2
BRDA:88,27,0,1
BRDA:88,27,1,1
FN:103,System.Boolean GardenCenter.Validation.ProductValidation::uniqueSku(GardenCenter.Models.Product,System.Collections.Generic.List`1<GardenCenter.Models.Product>)
FNDA:2,System.Boolean GardenCenter.Validation.ProductValidation::uniqueSku(GardenCenter.Models.Product,System.Collections.Generic.List`1<GardenCenter.Models.Product>)
DA:104,2
DA:105,13
DA:106,4
DA:107,4
DA:108,1
DA:110,1
DA:112,3
DA:113,1
DA:114,2
BRDA:105,81,1,4
BRDA:107,42,0,1
BRDA:107,42,1,3
BRDA:107,66,0,1
BRDA:107,66,1,3
BRDA:105,81,0,1
FN:122,System.Boolean GardenCenter.Validation.ProductValidation::productExists(System.Int32,System.Collections.Generic.List`1<GardenCenter.Models.Product>)
FNDA:2,System.Boolean GardenCenter.Validation.ProductValidation::productExists(System.Int32,System.Collections.Generic.List`1<GardenCenter.Models.Product>)
DA:123,2
DA:124,9
DA:125,2
DA:126,2
DA:127,1
DA:128,1
DA:130,1
DA:131,1
DA:132,2
BRDA:124,46,1,2
BRDA:126,31,0,1
BRDA:126,31,1,1
BRDA:124,46,0,1
FN:17,System.Void GardenCenter.Validation.ProductValidation::.ctor(GardenCenter.Models.DatabaseContext)
FNDA:14,System.Void GardenCenter.Validation.ProductValidation::.ctor(GardenCenter.Models.DatabaseContext)
DA:18,14
DA:19,14
DA:20,14
DA:21,14
DA:23,14
LF:64
LH:64
BRF:38
BRH:38
FNF:6
FNH:6
end_of_record
SF:C:\Users\Troy\Code\dotNET\GardenCenter\Validation\UserValidation.cs
FN:40,System.Collections.Generic.List`1<GardenCenter.Models.User> GardenCenter.Validation.UserValidation::getUsers(System.String,System.String,System.String,System.String,System.Collections.Generic.List`1<GardenCenter.Models.User>)
FNDA:5,System.Collections.Generic.List`1<GardenCenter.Models.User> GardenCenter.Validation.UserValidation::getUsers(System.String,System.String,System.String,System.String,System.Collections.Generic.List`1<GardenCenter.Models.User>)
DA:41,5
DA:42,35
DA:43,10
DA:44,10
DA:45,1
DA:46,1
DA:47,1
DA:48,10
DA:49,1
DA:50,1
DA:51,1
DA:52,10
DA:53,1
DA:54,1
DA:55,1
DA:56,10
DA:57,1
DA:58,1
DA:59,1
DA:60,10
DA:61,5
DA:62,5
BRDA:42,195,1,10
BRDA:44,35,0,2
BRDA:44,35,1,8
BRDA:44,54,0,1
BRDA:44,54,1,10
BRDA:48,73,0,2
BRDA:48,73,1,8
BRDA:48,92,0,1
BRDA:48,92,1,10
BRDA:52,111,0,2
BRDA:52,111,1,8
BRDA:52,132,0,1
BRDA:52,132,1,10
BRDA:56,152,0,2
BRDA:56,152,1,8
BRDA:56,174,0,1
BRDA:56,174,1,10
BRDA:42,195,0,5
FN:70,System.Collections.Generic.List`1<GardenCenter.Models.User> GardenCenter.Validation.UserValidation::getUsersAdmin(System.Boolean,System.Collections.Generic.List`1<GardenCenter.Models.User>)
FNDA:2,System.Collections.Generic.List`1<GardenCenter.Models.User> GardenCenter.Validation.UserValidation::getUsersAdmin(System.Boolean,System.Collections.Generic.List`1<GardenCenter.Models.User>)
DA:71,2
DA:73,14
DA:74,4
DA:75,4
DA:76,2
DA:77,2
DA:78,2
DA:79,4
DA:81,2
DA:82,2
BRDA:73,64,1,4
BRDA:75,44,0,2
BRDA:75,44,1,4
BRDA:73,64,0,2
FN:90,System.Collections.Generic.List`1<GardenCenter.Models.User> GardenCenter.Validation.UserValidation::getUsersEmployee(System.Boolean,System.Collections.Generic.List`1<GardenCenter.Models.User>)
FNDA:0,System.Collections.Generic.List`1<GardenCenter.Models.User> GardenCenter.Validation.UserValidation::getUsersEmployee(System.Boolean,System.Collections.Generic.List`1<GardenCenter.Models.User>)
DA:91,0
DA:93,0
DA:94,0
DA:95,0
DA:96,0
DA:97,0
DA:98,0
DA:99,0
DA:101,0
DA:102,0
BRDA:93,64,1,0
BRDA:95,44,0,0
BRDA:95,44,1,0
BRDA:93,64,0,0
FN:109,System.Boolean GardenCenter.Validation.UserValidation::validPassword(System.String)
FNDA:2,System.Boolean GardenCenter.Validation.UserValidation::validPassword(System.String)
DA:110,2
DA:111,2
DA:112,1
DA:113,1
DA:115,1
DA:116,1
DA:118,2
BRDA:111,15,0,1
BRDA:111,15,1,1
FN:125,System.Boolean GardenCenter.Validation.UserValidation::validEmail(System.String)
FNDA:2,System.Boolean GardenCenter.Validation.UserValidation::validEmail(System.String)
DA:126,2
DA:127,2
DA:128,2
DA:129,1
DA:130,1
DA:132,1
DA:133,1
DA:135,2
BRDA:128,21,0,1
BRDA:128,21,1,1
FN:143,System.Boolean GardenCenter.Validation.UserValidation::emailIsUnique(GardenCenter.Models.User,System.Collections.Generic.List`1<GardenCenter.Models.User>)
FNDA:2,System.Boolean GardenCenter.Validation.UserValidation::emailIsUnique(GardenCenter.Models.User,System.Collections.Generic.List`1<GardenCenter.Models.User>)
DA:144,2
DA:146,13
DA:147,4
DA:148,4
DA:149,1
DA:150,1
DA:152,3
DA:153,1
DA:154,2
BRDA:146,81,1,4
BRDA:148,42,0,1
BRDA:148,42,1,3
BRDA:148,66,0,1
BRDA:148,66,1,3
BRDA:146,81,0,1
FN:162,System.Boolean GardenCenter.Validation.UserValidation::matchingIds(System.Int64,GardenCenter.Models.User)
FNDA:2,System.Boolean GardenCenter.Validation.UserValidation::matchingIds(System.Int64,GardenCenter.Models.User)
DA:163,2
DA:164,2
DA:165,1
DA:166,1
DA:169,1
DA:170,1
DA:172,2
BRDA:164,13,0,1
BRDA:164,13,1,1
FN:180,System.Boolean GardenCenter.Validation.UserValidation::UserExists(System.Int32,System.Collections.Generic.List`1<GardenCenter.Models.User>)
FNDA:2,System.Boolean GardenCenter.Validation.UserValidation::UserExists(System.Int32,System.Collections.Generic.List`1<GardenCenter.Models.User>)
DA:181,2
DA:182,9
DA:183,2
DA:184,2
DA:185,1
DA:186,1
DA:188,1
DA:189,1
DA:190,2
BRDA:182,46,1,2
BRDA:184,31,0,1
BRDA:184,31,1,1
BRDA:182,46,0,1
FN:23,System.Void GardenCenter.Validation.UserValidation::.ctor(GardenCenter.Models.DatabaseContext)
FNDA:17,System.Void GardenCenter.Validation.UserValidation::.ctor(GardenCenter.Models.DatabaseContext)
DA:24,17
DA:25,17
DA:26,17
DA:27,17
DA:29,17
LF:87
LH:77
BRF:42
BRH:38
FNF:9
FNH:8
end_of_record
SF:C:\Users\Troy\Code\dotNET\GardenCenter\Models\Address.cs
FN:8,System.Int32 GardenCenter.Models.Address::get_Id()
FNDA:16,System.Int32 GardenCenter.Models.Address::get_Id()
DA:9,16
FN:9,System.String GardenCenter.Models.Address::get_Street()
FNDA:26,System.String GardenCenter.Models.Address::get_Street()
DA:10,26
FN:10,System.String GardenCenter.Models.Address::get_City()
FNDA:26,System.String GardenCenter.Models.Address::get_City()
DA:11,26
FN:11,System.String GardenCenter.Models.Address::get_State()
FNDA:26,System.String GardenCenter.Models.Address::get_State()
DA:12,26
FN:12,System.String GardenCenter.Models.Address::get_Zipcode()
FNDA:26,System.String GardenCenter.Models.Address::get_Zipcode()
DA:13,26
LF:5
LH:5
BRF:0
BRH:0
FNF:5
FNH:5
end_of_record
SF:C:\Users\Troy\Code\dotNET\GardenCenter\Models\Customer.cs
FN:8,System.Int64 GardenCenter.Models.Customer::get_Id()
FNDA:26,System.Int64 GardenCenter.Models.Customer::get_Id()
DA:9,26
FN:9,System.String GardenCenter.Models.Customer::get_Name()
FNDA:26,System.String GardenCenter.Models.Customer::get_Name()
DA:10,26
FN:10,System.String GardenCenter.Models.Customer::get_Email()
FNDA:32,System.String GardenCenter.Models.Customer::get_Email()
DA:11,32
FN:11,GardenCenter.Models.Address GardenCenter.Models.Customer::get_Address()
FNDA:32,GardenCenter.Models.Address GardenCenter.Models.Customer::get_Address()
DA:12,32
LF:4
LH:4
BRF:0
BRH:0
FNF:4
FNH:4
end_of_record
SF:C:\Users\Troy\Code\dotNET\GardenCenter\Models\DatabaseContext.cs
FN:11,Microsoft.EntityFrameworkCore.DbSet`1<GardenCenter.Models.Address> GardenCenter.Models.DatabaseContext::get_Addresses()
FNDA:0,Microsoft.EntityFrameworkCore.DbSet`1<GardenCenter.Models.Address> GardenCenter.Models.DatabaseContext::get_Addresses()
DA:12,0
FN:12,Microsoft.EntityFrameworkCore.DbSet`1<GardenCenter.Models.Customer> GardenCenter.Models.DatabaseContext::get_Customers()
FNDA:0,Microsoft.EntityFrameworkCore.DbSet`1<GardenCenter.Models.Customer> GardenCenter.Models.DatabaseContext::get_Customers()
DA:13,0
FN:14,Microsoft.EntityFrameworkCore.DbSet`1<GardenCenter.Models.Item> GardenCenter.Models.DatabaseContext::get_Items()
FNDA:0,Microsoft.EntityFrameworkCore.DbSet`1<GardenCenter.Models.Item> GardenCenter.Models.DatabaseContext::get_Items()
DA:15,0
FN:15,Microsoft.EntityFrameworkCore.DbSet`1<GardenCenter.Models.Order> GardenCenter.Models.DatabaseContext::get_Orders()
FNDA:0,Microsoft.EntityFrameworkCore.DbSet`1<GardenCenter.Models.Order> GardenCenter.Models.DatabaseContext::get_Orders()
DA:16,0
FN:17,Microsoft.EntityFrameworkCore.DbSet`1<GardenCenter.Models.Product> GardenCenter.Models.DatabaseContext::get_Products()
FNDA:0,Microsoft.EntityFrameworkCore.DbSet`1<GardenCenter.Models.Product> GardenCenter.Models.DatabaseContext::get_Products()
DA:18,0
FN:18,Microsoft.EntityFrameworkCore.DbSet`1<GardenCenter.Models.User> GardenCenter.Models.DatabaseContext::get_Users()
FNDA:0,Microsoft.EntityFrameworkCore.DbSet`1<GardenCenter.Models.User> GardenCenter.Models.DatabaseContext::get_Users()
DA:19,0
FN:19,Microsoft.EntityFrameworkCore.DbSet`1<GardenCenter.Models.Role> GardenCenter.Models.DatabaseContext::get_Roles()
FNDA:0,Microsoft.EntityFrameworkCore.DbSet`1<GardenCenter.Models.Role> GardenCenter.Models.DatabaseContext::get_Roles()
DA:20,0
FN:8,System.Void GardenCenter.Models.DatabaseContext::.ctor(Microsoft.EntityFrameworkCore.DbContextOptions`1<GardenCenter.Models.DatabaseContext>)
FNDA:0,System.Void GardenCenter.Models.DatabaseContext::.ctor(Microsoft.EntityFrameworkCore.DbContextOptions`1<GardenCenter.Models.DatabaseContext>)
DA:9,0
DA:10,0
DA:11,0
LF:10
LH:0
BRF:0
BRH:0
FNF:8
FNH:0
end_of_record
SF:C:\Users\Troy\Code\dotNET\GardenCenter\Models\Item.cs
FN:8,System.Int32 GardenCenter.Models.Item::get_Id()
FNDA:16,System.Int32 GardenCenter.Models.Item::get_Id()
DA:9,16
FN:10,System.Int32 GardenCenter.Models.Item::get_ProductId()
FNDA:18,System.Int32 GardenCenter.Models.Item::get_ProductId()
DA:11,18
FN:11,System.Int32 GardenCenter.Models.Item::get_Quantity()
FNDA:18,System.Int32 GardenCenter.Models.Item::get_Quantity()
DA:12,18
LF:3
LH:3
BRF:0
BRH:0
FNF:3
FNH:3
end_of_record
SF:C:\Users\Troy\Code\dotNET\GardenCenter\Models\Order.cs
FN:8,System.Int32 GardenCenter.Models.Order::get_Id()
FNDA:21,System.Int32 GardenCenter.Models.Order::get_Id()
DA:9,21
FN:10,System.Int32 GardenCenter.Models.Order::get_CustomerId()
FNDA:18,System.Int32 GardenCenter.Models.Order::get_CustomerId()
DA:11,18
FN:12,System.String GardenCenter.Models.Order::get_Date()
FNDA:18,System.String GardenCenter.Models.Order::get_Date()
DA:13,18
FN:13,GardenCenter.Models.Item GardenCenter.Models.Order::get_Items()
FNDA:20,GardenCenter.Models.Item GardenCenter.Models.Order::get_Items()
DA:14,20
FN:14,System.Decimal GardenCenter.Models.Order::get_OrderTotal()
FNDA:18,System.Decimal GardenCenter.Models.Order::get_OrderTotal()
DA:15,18
LF:5
LH:5
BRF:0
BRH:0
FNF:5
FNH:5
end_of_record
SF:C:\Users\Troy\Code\dotNET\GardenCenter\Models\Product.cs
FN:8,System.Int32 GardenCenter.Models.Product::get_Id()
FNDA:45,System.Int32 GardenCenter.Models.Product::get_Id()
DA:9,45
FN:9,System.String GardenCenter.Models.Product::get_Sku()
FNDA:48,System.String GardenCenter.Models.Product::get_Sku()
DA:10,48
FN:10,System.String GardenCenter.Models.Product::get_Type()
FNDA:40,System.String GardenCenter.Models.Product::get_Type()
DA:11,40
FN:11,System.String GardenCenter.Models.Product::get_Name()
FNDA:40,System.String GardenCenter.Models.Product::get_Name()
DA:12,40
FN:12,System.String GardenCenter.Models.Product::get_Description()
FNDA:38,System.String GardenCenter.Models.Product::get_Description()
DA:13,38
FN:13,System.String GardenCenter.Models.Product::get_Manufacturer()
FNDA:40,System.String GardenCenter.Models.Product::get_Manufacturer()
DA:14,40
FN:14,System.Decimal GardenCenter.Models.Product::get_Price()
FNDA:40,System.Decimal GardenCenter.Models.Product::get_Price()
DA:15,40
LF:7
LH:7
BRF:0
BRH:0
FNF:7
FNH:7
end_of_record
SF:C:\Users\Troy\Code\dotNET\GardenCenter\Models\Role.cs
FN:8,System.Int32 GardenCenter.Models.Role::get_Id()
FNDA:24,System.Int32 GardenCenter.Models.Role::get_Id()
DA:9,24
FN:9,System.Boolean GardenCenter.Models.Role::get_Admin()
FNDA:28,System.Boolean GardenCenter.Models.Role::get_Admin()
DA:10,28
FN:10,System.Boolean GardenCenter.Models.Role::get_Employee()
FNDA:24,System.Boolean GardenCenter.Models.Role::get_Employee()
DA:11,24
LF:3
LH:3
BRF:0
BRH:0
FNF:3
FNH:3
end_of_record
SF:C:\Users\Troy\Code\dotNET\GardenCenter\Models\User.cs
FN:8,System.Int32 GardenCenter.Models.User::get_Id()
FNDA:31,System.Int32 GardenCenter.Models.User::get_Id()
DA:9,31
FN:9,System.String GardenCenter.Models.User::get_Name()
FNDA:26,System.String GardenCenter.Models.User::get_Name()
DA:10,26
FN:10,System.String GardenCenter.Models.User::get_Title()
FNDA:26,System.String GardenCenter.Models.User::get_Title()
DA:11,26
FN:12,GardenCenter.Models.Role GardenCenter.Models.User::get_Roles()
FNDA:28,GardenCenter.Models.Role GardenCenter.Models.User::get_Roles()
DA:13,28
FN:13,System.String GardenCenter.Models.User::get_Email()
FNDA:34,System.String GardenCenter.Models.User::get_Email()
DA:14,34
FN:14,System.String GardenCenter.Models.User::get_Password()
FNDA:26,System.String GardenCenter.Models.User::get_Password()
DA:15,26
LF:6
LH:6
BRF:0
BRH:0
FNF:6
FNH:6
end_of_record
SF:C:\Users\Troy\Code\dotNET\GardenCenter\Migrations\20220816184429_InitialCreate.cs
FN:9,System.Void GardenCenter.Migrations.InitialCreate::Up(Microsoft.EntityFrameworkCore.Migrations.MigrationBuilder)
FNDA:0,System.Void GardenCenter.Migrations.InitialCreate::Up(Microsoft.EntityFrameworkCore.Migrations.MigrationBuilder)
DA:10,0
DA:11,0
DA:12,0
DA:13,0
DA:14,0
DA:15,0
DA:16,0
DA:17,0
DA:18,0
DA:19,0
DA:20,0
DA:21,0
DA:22,0
DA:23,0
DA:24,0
DA:25,0
DA:27,0
DA:28,0
DA:29,0
DA:30,0
DA:31,0
DA:32,0
DA:33,0
DA:34,0
DA:35,0
DA:36,0
DA:37,0
DA:38,0
DA:39,0
DA:41,0
DA:42,0
DA:43,0
DA:44,0
DA:45,0
DA:46,0
DA:47,0
DA:48,0
DA:49,0
DA:50,0
DA:51,0
DA:52,0
DA:53,0
DA:54,0
DA:55,0
DA:56,0
DA:57,0
DA:59,0
DA:60,0
DA:61,0
DA:62,0
DA:63,0
DA:64,0
DA:65,0
DA:66,0
DA:67,0
DA:68,0
DA:69,0
DA:70,0
DA:71,0
DA:73,0
DA:74,0
DA:75,0
DA:76,0
DA:77,0
DA:78,0
DA:79,0
DA:80,0
DA:81,0
DA:82,0
DA:83,0
DA:84,0
DA:85,0
DA:86,0
DA:87,0
DA:88,0
DA:89,0
DA:90,0
DA:91,0
DA:93,0
DA:94,0
DA:95,0
DA:96,0
DA:97,0
DA:98,0
DA:99,0
DA:100,0
DA:101,0
DA:102,0
DA:103,0
DA:104,0
DA:105,0
DA:106,0
DA:107,0
DA:108,0
DA:109,0
DA:110,0
DA:111,0
DA:112,0
DA:114,0
DA:115,0
DA:116,0
DA:117,0
DA:118,0
DA:119,0
DA:120,0
DA:121,0
DA:122,0
DA:123,0
DA:124,0
DA:125,0
DA:126,0
DA:127,0
DA:128,0
DA:129,0
DA:130,0
DA:131,0
DA:132,0
DA:133,0
DA:134,0
DA:136,0
DA:137,0
DA:138,0
DA:139,0
DA:141,0
DA:142,0
DA:143,0
DA:144,0
DA:146,0
DA:147,0
DA:148,0
DA:149,0
DA:150,0
FN:152,System.Void GardenCenter.Migrations.InitialCreate::Down(Microsoft.EntityFrameworkCore.Migrations.MigrationBuilder)
FNDA:0,System.Void GardenCenter.Migrations.InitialCreate::Down(Microsoft.EntityFrameworkCore.Migrations.MigrationBuilder)
DA:153,0
DA:154,0
DA:155,0
DA:157,0
DA:158,0
DA:160,0
DA:161,0
DA:163,0
DA:164,0
DA:166,0
DA:167,0
DA:169,0
DA:170,0
DA:172,0
DA:173,0
DA:174,0
LF:148
LH:0
BRF:0
BRH:0
FNF:2
FNH:0
end_of_record
SF:C:\Users\Troy\Code\dotNET\GardenCenter\Migrations\20220816184429_InitialCreate.Designer.cs
FN:17,System.Void GardenCenter.Migrations.InitialCreate::BuildTargetModel(Microsoft.EntityFrameworkCore.ModelBuilder)
FNDA:0,System.Void GardenCenter.Migrations.InitialCreate::BuildTargetModel(Microsoft.EntityFrameworkCore.ModelBuilder)
DA:18,0
DA:20,0
DA:22,0
DA:23,0
DA:24,0
DA:25,0
DA:26,0
DA:27,0
DA:28,0
DA:29,0
DA:30,0
DA:31,0
DA:32,0
DA:33,0
DA:34,0
DA:35,0
DA:36,0
DA:37,0
DA:38,0
DA:39,0
DA:40,0
DA:41,0
DA:42,0
DA:43,0
DA:45,0
DA:46,0
DA:47,0
DA:48,0
DA:49,0
DA:50,0
DA:51,0
DA:52,0
DA:53,0
DA:54,0
DA:55,0
DA:56,0
DA:57,0
DA:58,0
DA:59,0
DA:60,0
DA:61,0
DA:62,0
DA:63,0
DA:64,0
DA:65,0
DA:67,0
DA:68,0
DA:69,0
DA:70,0
DA:71,0
DA:72,0
DA:73,0
DA:74,0
DA:75,0
DA:76,0
DA:77,0
DA:78,0
DA:79,0
DA:80,0
DA:81,0
DA:82,0
DA:84,0
DA:85,0
DA:86,0
DA:87,0
DA:88,0
DA:89,0
DA:90,0
DA:91,0
DA:92,0
DA:93,0
DA:94,0
DA:95,0
DA:96,0
DA:97,0
DA:98,0
DA:99,0
DA:100,0
DA:101,0
DA:102,0
DA:103,0
DA:104,0
DA:105,0
DA:106,0
DA:107,0
DA:109,0
DA:110,0
DA:111,0
DA:112,0
DA:113,0
DA:114,0
DA:115,0
DA:116,0
DA:117,0
DA:118,0
DA:119,0
DA:120,0
DA:121,0
DA:122,0
DA:123,0
DA:124,0
DA:125,0
DA:126,0
DA:127,0
DA:128,0
DA:129,0
DA:130,0
DA:131,0
DA:132,0
DA:133,0
DA:134,0
DA:135,0
DA:136,0
DA:138,0
DA:139,0
DA:140,0
DA:141,0
DA:142,0
DA:143,0
DA:144,0
DA:145,0
DA:146,0
DA:147,0
DA:148,0
DA:149,0
DA:150,0
DA:151,0
DA:152,0
DA:153,0
DA:155,0
DA:156,0
DA:157,0
DA:158,0
DA:159,0
DA:160,0
DA:161,0
DA:162,0
DA:163,0
DA:164,0
DA:165,0
DA:166,0
DA:167,0
DA:168,0
DA:169,0
DA:170,0
DA:171,0
DA:172,0
DA:173,0
DA:174,0
DA:175,0
DA:176,0
DA:177,0
DA:178,0
DA:179,0
DA:180,0
DA:181,0
DA:183,0
DA:184,0
DA:185,0
DA:186,0
DA:187,0
DA:188,0
DA:189,0
DA:190,0
DA:192,0
DA:193,0
DA:194,0
DA:195,0
DA:196,0
DA:197,0
DA:198,0
DA:199,0
DA:201,0
DA:202,0
DA:203,0
DA:204,0
DA:205,0
DA:206,0
DA:207,0
DA:208,0
DA:210,0
LF:181
LH:0
BRF:0
BRH:0
FNF:1
FNH:0
end_of_record
SF:C:\Users\Troy\Code\dotNET\GardenCenter\Migrations\DatabaseContextModelSnapshot.cs
FN:15,System.Void GardenCenter.Migrations.DatabaseContextModelSnapshot::BuildModel(Microsoft.EntityFrameworkCore.ModelBuilder)
FNDA:0,System.Void GardenCenter.Migrations.DatabaseContextModelSnapshot::BuildModel(Microsoft.EntityFrameworkCore.ModelBuilder)
DA:16,0
DA:18,0
DA:20,0
DA:21,0
DA:22,0
DA:23,0
DA:24,0
DA:25,0
DA:26,0
DA:27,0
DA:28,0
DA:29,0
DA:30,0
DA:31,0
DA:32,0
DA:33,0
DA:34,0
DA:35,0
DA:36,0
DA:37,0
DA:38,0
DA:39,0
DA:40,0
DA:41,0
DA:43,0
DA:44,0
DA:45,0
DA:46,0
DA:47,0
DA:48,0
DA:49,0
DA:50,0
DA:51,0
DA:52,0
DA:53,0
DA:54,0
DA:55,0
DA:56,0
DA:57,0
DA:58,0
DA:59,0
DA:60,0
DA:61,0
DA:62,0
DA:63,0
DA:65,0
DA:66,0
DA:67,0
DA:68,0
DA:69,0
DA:70,0
DA:71,0
DA:72,0
DA:73,0
DA:74,0
DA:75,0
DA:76,0
DA:77,0
DA:78,0
DA:79,0
DA:80,0
DA:82,0
DA:83,0
DA:84,0
DA:85,0
DA:86,0
DA:87,0
DA:88,0
DA:89,0
DA:90,0
DA:91,0
DA:92,0
DA:93,0
DA:94,0
DA:95,0
DA:96,0
DA:97,0
DA:98,0
DA:99,0
DA:100,0
DA:101,0
DA:102,0
DA:103,0
DA:104,0
DA:105,0
DA:107,0
DA:108,0
DA:109,0
DA:110,0
DA:111,0
DA:112,0
DA:113,0
DA:114,0
DA:115,0
DA:116,0
DA:117,0
DA:118,0
DA:119,0
DA:120,0
DA:121,0
DA:122,0
DA:123,0
DA:124,0
DA:125,0
DA:126,0
DA:127,0
DA:128,0
DA:129,0
DA:130,0
DA:131,0
DA:132,0
DA:133,0
DA:134,0
DA:136,0
DA:137,0
DA:138,0
DA:139,0
DA:140,0
DA:141,0
DA:142,0
DA:143,0
DA:144,0
DA:145,0
DA:146,0
DA:147,0
DA:148,0
DA:149,0
DA:150,0
DA:151,0
DA:153,0
DA:154,0
DA:155,0
DA:156,0
DA:157,0
DA:158,0
DA:159,0
DA:160,0
DA:161,0
DA:162,0
DA:163,0
DA:164,0
DA:165,0
DA:166,0
DA:167,0
DA:168,0
DA:169,0
DA:170,0
DA:171,0
DA:172,0
DA:173,0
DA:174,0
DA:175,0
DA:176,0
DA:177,0
DA:178,0
DA:179,0
DA:181,0
DA:182,0
DA:183,0
DA:184,0
DA:185,0
DA:186,0
DA:187,0
DA:188,0
DA:190,0
DA:191,0
DA:192,0
DA:193,0
DA:194,0
DA:195,0
DA:196,0
DA:197,0
DA:199,0
DA:200,0
DA:201,0
DA:202,0
DA:203,0
DA:204,0
DA:205,0
DA:206,0
DA:208,0
LF:181
LH:0
BRF:0
BRH:0
FNF:1
FNH:0
end_of_record
SF:C:\Users\Troy\Code\dotNET\GardenCenter\Logging\Logger.cs
FN:17,System.String GardenCenter.Logging.Logger::get_CurrentDirectory()
FNDA:67,System.String GardenCenter.Logging.Logger::get_CurrentDirectory()
DA:18,67
FN:18,System.Void GardenCenter.Logging.Logger::set_CurrentDirectory(System.String)
FNDA:67,System.Void GardenCenter.Logging.Logger::set_CurrentDirectory(System.String)
DA:19,67
FN:23,System.String GardenCenter.Logging.Logger::get_FileName()
FNDA:67,System.String GardenCenter.Logging.Logger::get_FileName()
DA:24,67
FN:24,System.Void GardenCenter.Logging.Logger::set_FileName(System.String)
FNDA:67,System.Void GardenCenter.Logging.Logger::set_FileName(System.String)
DA:25,67
FN:29,System.String GardenCenter.Logging.Logger::get_FilePath()
FNDA:0,System.String GardenCenter.Logging.Logger::get_FilePath()
DA:30,0
FN:30,System.Void GardenCenter.Logging.Logger::set_FilePath(System.String)
FNDA:67,System.Void GardenCenter.Logging.Logger::set_FilePath(System.String)
DA:31,67
FN:41,System.Void GardenCenter.Logging.Logger::Log(System.String)
FNDA:0,System.Void GardenCenter.Logging.Logger::Log(System.String)
DA:42,0
DA:43,0
DA:44,0
DA:45,0
DA:46,0
DA:47,0
DA:48,0
DA:49,0
DA:50,0
FN:33,System.Void GardenCenter.Logging.Logger::.ctor()
FNDA:67,System.Void GardenCenter.Logging.Logger::.ctor()
DA:34,67
DA:35,67
DA:36,67
DA:37,67
DA:38,67
DA:39,67
LF:21
LH:11
BRF:0
BRH:0
FNF:8
FNH:6
end_of_record
SF:C:\Users\Troy\Code\dotNET\GardenCenter\GardenCenter.Tests\CustomerTest.cs
FN:26,System.Void GardenCenter.Tests.CustomerTest::TestGetCustomers()
FNDA:0,System.Void GardenCenter.Tests.CustomerTest::TestGetCustomers()
DA:27,0
DA:28,0
DA:29,0
DA:30,0
DA:31,0
DA:32,0
DA:33,0
DA:34,0
DA:35,0
DA:36,0
DA:37,0
DA:38,0
DA:39,0
DA:40,0
DA:41,0
DA:42,0
DA:43,0
DA:44,0
DA:45,0
DA:46,0
DA:47,0
DA:48,0
DA:49,0
DA:50,0
DA:51,0
DA:52,0
DA:53,0
DA:54,0
DA:55,0
DA:56,0
DA:57,0
DA:58,0
DA:59,0
DA:60,0
DA:61,0
DA:62,0
DA:63,0
DA:64,0
DA:65,0
DA:66,0
DA:67,0
DA:68,0
FN:71,System.Void GardenCenter.Tests.CustomerTest::TestGetCustomersByName()
FNDA:0,System.Void GardenCenter.Tests.CustomerTest::TestGetCustomersByName()
DA:72,0
DA:73,0
DA:74,0
DA:75,0
DA:76,0
DA:77,0
DA:78,0
DA:79,0
DA:80,0
DA:81,0
DA:82,0
DA:83,0
DA:84,0
DA:85,0
DA:86,0
DA:87,0
DA:88,0
DA:89,0
DA:90,0
DA:91,0
DA:92,0
DA:93,0
DA:94,0
DA:95,0
DA:96,0
DA:97,0
DA:98,0
DA:99,0
DA:100,0
DA:101,0
DA:102,0
DA:103,0
DA:104,0
DA:105,0
DA:106,0
DA:107,0
DA:108,0
DA:109,0
DA:110,0
DA:111,0
DA:112,0
DA:113,0
DA:114,0
DA:115,0
DA:116,0
DA:117,0
DA:118,0
FN:122,System.Void GardenCenter.Tests.CustomerTest::TestGetCustomersByEmail()
FNDA:0,System.Void GardenCenter.Tests.CustomerTest::TestGetCustomersByEmail()
DA:123,0
DA:124,0
DA:125,0
DA:126,0
DA:127,0
DA:128,0
DA:129,0
DA:130,0
DA:131,0
DA:132,0
DA:133,0
DA:134,0
DA:135,0
DA:136,0
DA:137,0
DA:138,0
DA:139,0
DA:140,0
DA:141,0
DA:142,0
DA:143,0
DA:144,0
DA:145,0
DA:146,0
DA:147,0
DA:148,0
DA:149,0
DA:150,0
DA:151,0
DA:152,0
DA:153,0
DA:154,0
DA:155,0
DA:156,0
DA:157,0
DA:158,0
DA:159,0
DA:160,0
DA:161,0
DA:162,0
DA:163,0
DA:164,0
DA:165,0
DA:166,0
DA:167,0
DA:168,0
DA:169,0
FN:173,System.Void GardenCenter.Tests.CustomerTest::TestGetCustomersByCity()
FNDA:0,System.Void GardenCenter.Tests.CustomerTest::TestGetCustomersByCity()
DA:174,0
DA:175,0
DA:176,0
DA:177,0
DA:178,0
DA:179,0
DA:180,0
DA:181,0
DA:182,0
DA:183,0
DA:184,0
DA:185,0
DA:186,0
DA:187,0
DA:188,0
DA:189,0
DA:190,0
DA:191,0
DA:192,0
DA:193,0
DA:194,0
DA:195,0
DA:196,0
DA:197,0
DA:198,0
DA:199,0
DA:200,0
DA:201,0
DA:202,0
DA:203,0
DA:204,0
DA:205,0
DA:206,0
DA:207,0
DA:208,0
DA:209,0
DA:210,0
DA:211,0
DA:212,0
DA:213,0
DA:214,0
DA:215,0
DA:216,0
DA:217,0
DA:218,0
DA:219,0
DA:220,0
FN:224,System.Void GardenCenter.Tests.CustomerTest::TestGetCustomersByState()
FNDA:0,System.Void GardenCenter.Tests.CustomerTest::TestGetCustomersByState()
DA:225,0
DA:226,0
DA:227,0
DA:228,0
DA:229,0
DA:230,0
DA:231,0
DA:232,0
DA:233,0
DA:234,0
DA:235,0
DA:236,0
DA:237,0
DA:238,0
DA:239,0
DA:240,0
DA:241,0
DA:242,0
DA:243,0
DA:244,0
DA:245,0
DA:246,0
DA:247,0
DA:248,0
DA:249,0
DA:250,0
DA:251,0
DA:252,0
DA:253,0
DA:254,0
DA:255,0
DA:256,0
DA:257,0
DA:258,0
DA:259,0
DA:260,0
DA:261,0
DA:262,0
DA:263,0
DA:264,0
DA:265,0
DA:266,0
DA:267,0
DA:268,0
DA:269,0
DA:270,0
DA:271,0
DA:272,0
FN:276,System.Void GardenCenter.Tests.CustomerTest::TestGetCustomersByZipcode()
FNDA:0,System.Void GardenCenter.Tests.CustomerTest::TestGetCustomersByZipcode()
DA:277,0
DA:278,0
DA:279,0
DA:280,0
DA:281,0
DA:282,0
DA:283,0
DA:284,0
DA:285,0
DA:286,0
DA:287,0
DA:288,0
DA:289,0
DA:290,0
DA:291,0
DA:292,0
DA:293,0
DA:294,0
DA:295,0
DA:296,0
DA:297,0
DA:298,0
DA:299,0
DA:300,0
DA:301,0
DA:302,0
DA:303,0
DA:304,0
DA:305,0
DA:306,0
DA:307,0
DA:308,0
DA:309,0
DA:310,0
DA:311,0
DA:312,0
DA:313,0
DA:314,0
DA:315,0
DA:316,0
DA:317,0
DA:318,0
DA:319,0
DA:320,0
DA:321,0
DA:322,0
DA:323,0
FN:327,System.Void GardenCenter.Tests.CustomerTest::TestGetCustomersByStreet()
FNDA:0,System.Void GardenCenter.Tests.CustomerTest::TestGetCustomersByStreet()
DA:328,0
DA:329,0
DA:330,0
DA:331,0
DA:332,0
DA:333,0
DA:334,0
DA:335,0
DA:336,0
DA:337,0
DA:338,0
DA:339,0
DA:340,0
DA:341,0
DA:342,0
DA:343,0
DA:344,0
DA:345,0
DA:346,0
DA:347,0
DA:348,0
DA:349,0
DA:350,0
DA:351,0
DA:352,0
DA:353,0
DA:354,0
DA:355,0
DA:356,0
DA:357,0
DA:358,0
DA:359,0
DA:360,0
DA:361,0
DA:362,0
DA:363,0
DA:364,0
DA:365,0
DA:366,0
DA:367,0
DA:368,0
DA:369,0
DA:370,0
DA:371,0
DA:372,0
DA:373,0
DA:374,0
FN:378,System.Void GardenCenter.Tests.CustomerTest::TestEmailFormat()
FNDA:0,System.Void GardenCenter.Tests.CustomerTest::TestEmailFormat()
DA:379,0
DA:380,0
DA:381,0
DA:382,0
DA:383,0
DA:384,0
FN:387,System.Void GardenCenter.Tests.CustomerTest::TestEmailFormat2()
FNDA:0,System.Void GardenCenter.Tests.CustomerTest::TestEmailFormat2()
DA:388,0
DA:389,0
DA:390,0
DA:391,0
DA:392,0
DA:393,0
FN:396,System.Void GardenCenter.Tests.CustomerTest::TestZipcodeFormat()
FNDA:0,System.Void GardenCenter.Tests.CustomerTest::TestZipcodeFormat()
DA:397,0
DA:398,0
DA:399,0
DA:400,0
DA:401,0
DA:402,0
FN:405,System.Void GardenCenter.Tests.CustomerTest::TestZipcodeFormat2()
FNDA:0,System.Void GardenCenter.Tests.CustomerTest::TestZipcodeFormat2()
DA:406,0
DA:407,0
DA:408,0
DA:409,0
DA:410,0
DA:411,0
FN:414,System.Void GardenCenter.Tests.CustomerTest::TestZipcodeFormat3()
FNDA:0,System.Void GardenCenter.Tests.CustomerTest::TestZipcodeFormat3()
DA:415,0
DA:416,0
DA:417,0
DA:418,0
DA:419,0
DA:420,0
FN:423,System.Void GardenCenter.Tests.CustomerTest::TestStateFormat()
FNDA:0,System.Void GardenCenter.Tests.CustomerTest::TestStateFormat()
DA:424,0
DA:425,0
DA:426,0
DA:427,0
DA:428,0
DA:429,0
FN:432,System.Void GardenCenter.Tests.CustomerTest::TestStateFormat2()
FNDA:0,System.Void GardenCenter.Tests.CustomerTest::TestStateFormat2()
DA:433,0
DA:434,0
DA:435,0
DA:436,0
DA:437,0
DA:438,0
FN:441,System.Void GardenCenter.Tests.CustomerTest::TestCustomerExists()
FNDA:0,System.Void GardenCenter.Tests.CustomerTest::TestCustomerExists()
DA:442,0
DA:443,0
DA:444,0
DA:445,0
DA:446,0
DA:447,0
DA:448,0
DA:449,0
DA:450,0
DA:451,0
DA:452,0
DA:453,0
DA:454,0
DA:455,0
DA:456,0
DA:457,0
DA:458,0
DA:459,0
DA:460,0
DA:461,0
DA:462,0
DA:463,0
DA:464,0
FN:467,System.Void GardenCenter.Tests.CustomerTest::TestCustomerExists2()
FNDA:0,System.Void GardenCenter.Tests.CustomerTest::TestCustomerExists2()
DA:468,0
DA:469,0
DA:470,0
DA:471,0
DA:472,0
DA:473,0
DA:474,0
DA:475,0
DA:476,0
DA:477,0
DA:478,0
DA:479,0
DA:480,0
DA:481,0
DA:482,0
DA:483,0
DA:484,0
DA:485,0
DA:486,0
DA:487,0
DA:488,0
DA:489,0
DA:490,0
FN:493,System.Void GardenCenter.Tests.CustomerTest::TestMatchingIds()
FNDA:0,System.Void GardenCenter.Tests.CustomerTest::TestMatchingIds()
DA:494,0
DA:495,0
DA:496,0
DA:497,0
DA:498,0
DA:499,0
DA:500,0
DA:501,0
DA:502,0
DA:503,0
DA:504,0
DA:505,0
DA:506,0
DA:507,0
DA:508,0
DA:509,0
DA:510,0
DA:511,0
DA:512,0
DA:513,0
DA:514,0
DA:515,0
FN:518,System.Void GardenCenter.Tests.CustomerTest::TestMatchingIds2()
FNDA:0,System.Void GardenCenter.Tests.CustomerTest::TestMatchingIds2()
DA:519,0
DA:520,0
DA:521,0
DA:522,0
DA:523,0
DA:524,0
DA:525,0
DA:526,0
DA:527,0
DA:528,0
DA:529,0
DA:530,0
DA:531,0
DA:532,0
DA:533,0
DA:534,0
DA:535,0
DA:536,0
DA:537,0
DA:538,0
DA:539,0
DA:540,0
FN:543,System.Void GardenCenter.Tests.CustomerTest::TestEmailIsUnique()
FNDA:0,System.Void GardenCenter.Tests.CustomerTest::TestEmailIsUnique()
DA:544,0
DA:545,0
DA:546,0
DA:547,0
DA:548,0
DA:549,0
DA:550,0
DA:551,0
DA:552,0
DA:553,0
DA:554,0
DA:555,0
DA:556,0
DA:557,0
DA:558,0
DA:559,0
DA:560,0
DA:561,0
DA:562,0
DA:563,0
DA:564,0
DA:565,0
DA:566,0
DA:567,0
DA:568,0
DA:569,0
DA:570,0
DA:571,0
DA:572,0
DA:573,0
DA:575,0
DA:576,0
DA:577,0
DA:578,0
DA:579,0
DA:580,0
DA:581,0
DA:582,0
DA:583,0
DA:584,0
DA:585,0
DA:586,0
DA:587,0
DA:588,0
DA:590,0
DA:591,0
DA:593,0
DA:594,0
DA:595,0
DA:596,0
FN:599,System.Void GardenCenter.Tests.CustomerTest::TestEmailIsUnique2()
FNDA:0,System.Void GardenCenter.Tests.CustomerTest::TestEmailIsUnique2()
DA:600,0
DA:601,0
DA:602,0
DA:603,0
DA:604,0
DA:605,0
DA:606,0
DA:607,0
DA:608,0
DA:609,0
DA:610,0
DA:611,0
DA:612,0
DA:613,0
DA:614,0
DA:615,0
DA:616,0
DA:617,0
DA:618,0
DA:619,0
DA:620,0
DA:621,0
DA:622,0
DA:623,0
DA:624,0
DA:625,0
DA:626,0
DA:627,0
DA:628,0
DA:629,0
DA:630,0
DA:631,0
DA:633,0
DA:634,0
DA:635,0
DA:636,0
DA:637,0
DA:638,0
DA:639,0
DA:640,0
DA:641,0
DA:642,0
DA:643,0
DA:644,0
DA:645,0
DA:646,0
DA:647,0
DA:649,0
DA:650,0
DA:653,0
DA:654,0
DA:655,0
DA:656,0
FN:19,System.Void GardenCenter.Tests.CustomerTest::.ctor()
FNDA:0,System.Void GardenCenter.Tests.CustomerTest::.ctor()
DA:20,0
DA:21,0
DA:22,0
DA:23,0
LF:564
LH:0
BRF:0
BRH:0
FNF:21
FNH:0
end_of_record
SF:C:\Users\Troy\Code\dotNET\GardenCenter\GardenCenter.Tests\OrderTest.cs
FN:27,System.Void GardenCenter.Tests.OrderTest::TestGetOrders()
FNDA:0,System.Void GardenCenter.Tests.OrderTest::TestGetOrders()
DA:28,0
DA:29,0
DA:30,0
DA:31,0
DA:32,0
DA:33,0
DA:34,0
DA:36,0
DA:37,0
DA:38,0
DA:39,0
DA:40,0
DA:41,0
DA:42,0
DA:43,0
DA:44,0
DA:45,0
DA:47,0
DA:48,0
DA:49,0
DA:50,0
DA:51,0
DA:52,0
DA:54,0
DA:55,0
DA:56,0
DA:57,0
DA:58,0
DA:59,0
DA:60,0
DA:61,0
DA:63,0
DA:64,0
DA:65,0
DA:66,0
DA:67,0
DA:68,0
DA:69,0
DA:70,0
DA:71,0
DA:72,0
DA:74,0
DA:75,0
DA:76,0
DA:77,0
DA:78,0
DA:79,0
DA:81,0
DA:82,0
DA:83,0
DA:84,0
DA:85,0
DA:86,0
DA:87,0
DA:88,0
DA:90,0
DA:91,0
DA:92,0
DA:93,0
DA:94,0
DA:95,0
FN:98,System.Void GardenCenter.Tests.OrderTest::TestGetOrdersByCustomerId()
FNDA:0,System.Void GardenCenter.Tests.OrderTest::TestGetOrdersByCustomerId()
DA:99,0
DA:100,0
DA:101,0
DA:102,0
DA:103,0
DA:104,0
DA:105,0
DA:107,0
DA:108,0
DA:109,0
DA:110,0
DA:111,0
DA:112,0
DA:113,0
DA:114,0
DA:115,0
DA:116,0
DA:118,0
DA:119,0
DA:120,0
DA:121,0
DA:122,0
DA:123,0
DA:125,0
DA:126,0
DA:127,0
DA:128,0
DA:129,0
DA:130,0
DA:131,0
DA:132,0
DA:134,0
DA:135,0
DA:136,0
DA:137,0
DA:138,0
DA:139,0
DA:140,0
DA:141,0
DA:142,0
DA:143,0
DA:145,0
DA:146,0
DA:147,0
DA:148,0
DA:149,0
DA:150,0
DA:152,0
DA:153,0
DA:154,0
DA:155,0
DA:156,0
DA:157,0
DA:158,0
DA:159,0
DA:161,0
DA:162,0
DA:163,0
DA:164,0
DA:165,0
DA:166,0
DA:167,0
FN:170,System.Void GardenCenter.Tests.OrderTest::TestGetOrdersByDate()
FNDA:0,System.Void GardenCenter.Tests.OrderTest::TestGetOrdersByDate()
DA:171,0
DA:172,0
DA:173,0
DA:174,0
DA:175,0
DA:176,0
DA:177,0
DA:179,0
DA:180,0
DA:181,0
DA:182,0
DA:183,0
DA:184,0
DA:185,0
DA:186,0
DA:187,0
DA:188,0
DA:190,0
DA:191,0
DA:192,0
DA:193,0
DA:194,0
DA:195,0
DA:197,0
DA:198,0
DA:199,0
DA:200,0
DA:201,0
DA:202,0
DA:203,0
DA:204,0
DA:206,0
DA:207,0
DA:208,0
DA:209,0
DA:210,0
DA:211,0
DA:212,0
DA:213,0
DA:214,0
DA:215,0
DA:217,0
DA:218,0
DA:219,0
DA:220,0
DA:221,0
DA:222,0
DA:224,0
DA:225,0
DA:226,0
DA:227,0
DA:228,0
DA:229,0
DA:230,0
DA:231,0
DA:233,0
DA:234,0
DA:235,0
DA:236,0
DA:237,0
DA:238,0
DA:239,0
FN:251,System.Void GardenCenter.Tests.OrderTest::TestGetOrdersByTotal()
FNDA:0,System.Void GardenCenter.Tests.OrderTest::TestGetOrdersByTotal()
DA:252,0
DA:253,0
DA:254,0
DA:255,0
DA:256,0
DA:257,0
DA:258,0
DA:260,0
DA:261,0
DA:262,0
DA:263,0
DA:264,0
DA:265,0
DA:266,0
DA:267,0
DA:268,0
DA:269,0
DA:271,0
DA:272,0
DA:273,0
DA:274,0
DA:275,0
DA:276,0
DA:278,0
DA:279,0
DA:280,0
DA:281,0
DA:282,0
DA:283,0
DA:284,0
DA:285,0
DA:287,0
DA:288,0
DA:289,0
DA:290,0
DA:291,0
DA:292,0
DA:293,0
DA:294,0
DA:295,0
DA:296,0
DA:298,0
DA:299,0
DA:300,0
DA:301,0
DA:302,0
DA:303,0
DA:305,0
DA:306,0
DA:307,0
DA:308,0
DA:309,0
DA:310,0
DA:311,0
DA:312,0
DA:314,0
DA:315,0
DA:316,0
DA:317,0
DA:318,0
DA:319,0
DA:320,0
FN:332,System.Void GardenCenter.Tests.OrderTest::TestGetOrdersByProductId()
FNDA:0,System.Void GardenCenter.Tests.OrderTest::TestGetOrdersByProductId()
DA:333,0
DA:334,0
DA:335,0
DA:336,0
DA:337,0
DA:338,0
DA:339,0
DA:341,0
DA:342,0
DA:343,0
DA:344,0
DA:345,0
DA:346,0
DA:347,0
DA:348,0
DA:349,0
DA:350,0
DA:352,0
DA:353,0
DA:354,0
DA:355,0
DA:356,0
DA:357,0
DA:359,0
DA:360,0
DA:361,0
DA:362,0
DA:363,0
DA:364,0
DA:365,0
DA:366,0
DA:368,0
DA:369,0
DA:370,0
DA:371,0
DA:372,0
DA:373,0
DA:374,0
DA:375,0
DA:376,0
DA:377,0
DA:379,0
DA:380,0
DA:381,0
DA:382,0
DA:383,0
DA:384,0
DA:386,0
DA:387,0
DA:388,0
DA:389,0
DA:390,0
DA:391,0
DA:392,0
DA:393,0
DA:395,0
DA:396,0
DA:397,0
DA:398,0
DA:399,0
DA:400,0
DA:401,0
FN:413,System.Void GardenCenter.Tests.OrderTest::TestGetOrdersByQuantity()
FNDA:0,System.Void GardenCenter.Tests.OrderTest::TestGetOrdersByQuantity()
DA:414,0
DA:415,0
DA:416,0
DA:417,0
DA:418,0
DA:419,0
DA:420,0
DA:422,0
DA:423,0
DA:424,0
DA:425,0
DA:426,0
DA:427,0
DA:428,0
DA:429,0
DA:430,0
DA:431,0
DA:433,0
DA:434,0
DA:435,0
DA:436,0
DA:437,0
DA:438,0
DA:440,0
DA:441,0
DA:442,0
DA:443,0
DA:444,0
DA:445,0
DA:446,0
DA:447,0
DA:449,0
DA:450,0
DA:451,0
DA:452,0
DA:453,0
DA:454,0
DA:455,0
DA:456,0
DA:457,0
DA:458,0
DA:460,0
DA:461,0
DA:462,0
DA:463,0
DA:464,0
DA:465,0
DA:467,0
DA:468,0
DA:469,0
DA:470,0
DA:471,0
DA:472,0
DA:473,0
DA:474,0
DA:476,0
DA:477,0
DA:478,0
DA:479,0
DA:480,0
DA:481,0
DA:482,0
FN:485,System.Void GardenCenter.Tests.OrderTest::TestMatchingIds()
FNDA:0,System.Void GardenCenter.Tests.OrderTest::TestMatchingIds()
DA:486,0
DA:487,0
DA:488,0
DA:489,0
DA:490,0
DA:491,0
DA:492,0
DA:493,0
DA:494,0
DA:495,0
DA:496,0
DA:498,0
DA:499,0
DA:500,0
DA:501,0
DA:502,0
DA:503,0
DA:505,0
DA:506,0
DA:507,0
DA:508,0
DA:509,0
DA:510,0
DA:511,0
DA:512,0
DA:514,0
DA:515,0
DA:516,0
DA:517,0
DA:518,0
FN:521,System.Void GardenCenter.Tests.OrderTest::TestMatchingIds2()
FNDA:0,System.Void GardenCenter.Tests.OrderTest::TestMatchingIds2()
DA:522,0
DA:523,0
DA:524,0
DA:525,0
DA:526,0
DA:527,0
DA:528,0
DA:529,0
DA:530,0
DA:531,0
DA:532,0
DA:534,0
DA:535,0
DA:536,0
DA:537,0
DA:538,0
DA:539,0
DA:541,0
DA:542,0
DA:543,0
DA:544,0
DA:545,0
DA:546,0
DA:547,0
DA:548,0
DA:550,0
DA:551,0
DA:552,0
DA:553,0
DA:554,0
FN:557,System.Void GardenCenter.Tests.OrderTest::TestDateFormat()
FNDA:0,System.Void GardenCenter.Tests.OrderTest::TestDateFormat()
DA:558,0
DA:559,0
DA:560,0
DA:561,0
DA:562,0
DA:563,0
FN:566,System.Void GardenCenter.Tests.OrderTest::TestDateFormat2()
FNDA:0,System.Void GardenCenter.Tests.OrderTest::TestDateFormat2()
DA:567,0
DA:568,0
DA:569,0
DA:570,0
DA:571,0
DA:572,0
FN:575,System.Void GardenCenter.Tests.OrderTest::TestTotalFormat()
FNDA:0,System.Void GardenCenter.Tests.OrderTest::TestTotalFormat()
DA:576,0
DA:577,0
DA:578,0
DA:579,0
DA:580,0
DA:581,0
FN:584,System.Void GardenCenter.Tests.OrderTest::TestTotalFormat2()
FNDA:0,System.Void GardenCenter.Tests.OrderTest::TestTotalFormat2()
DA:585,0
DA:586,0
DA:587,0
DA:588,0
DA:589,0
DA:590,0
FN:593,System.Void GardenCenter.Tests.OrderTest::TestQuantity()
FNDA:0,System.Void GardenCenter.Tests.OrderTest::TestQuantity()
DA:594,0
DA:595,0
DA:596,0
DA:597,0
DA:598,0
DA:599,0
FN:602,System.Void GardenCenter.Tests.OrderTest::TestQuantity2()
FNDA:0,System.Void GardenCenter.Tests.OrderTest::TestQuantity2()
DA:603,0
DA:604,0
DA:605,0
DA:606,0
DA:607,0
DA:608,0
FN:611,System.Void GardenCenter.Tests.OrderTest::TestOrderExists()
FNDA:0,System.Void GardenCenter.Tests.OrderTest::TestOrderExists()
DA:612,0
DA:613,0
DA:614,0
DA:615,0
DA:616,0
DA:617,0
DA:618,0
DA:619,0
DA:620,0
DA:621,0
DA:622,0
DA:623,0
DA:625,0
DA:626,0
DA:627,0
DA:628,0
DA:629,0
DA:630,0
DA:632,0
DA:633,0
DA:634,0
DA:635,0
DA:636,0
DA:637,0
DA:638,0
DA:639,0
DA:641,0
DA:642,0
DA:643,0
DA:644,0
DA:645,0
FN:648,System.Void GardenCenter.Tests.OrderTest::TestOrderExists2()
FNDA:0,System.Void GardenCenter.Tests.OrderTest::TestOrderExists2()
DA:649,0
DA:650,0
DA:651,0
DA:652,0
DA:653,0
DA:654,0
DA:655,0
DA:656,0
DA:657,0
DA:658,0
DA:659,0
DA:660,0
DA:662,0
DA:663,0
DA:664,0
DA:665,0
DA:666,0
DA:667,0
DA:669,0
DA:670,0
DA:671,0
DA:672,0
DA:673,0
DA:674,0
DA:675,0
DA:676,0
DA:678,0
DA:679,0
DA:680,0
DA:681,0
DA:682,0
FN:20,System.Void GardenCenter.Tests.OrderTest::.ctor()
FNDA:0,System.Void GardenCenter.Tests.OrderTest::.ctor()
DA:21,0
DA:22,0
DA:23,0
DA:24,0
LF:533
LH:0
BRF:0
BRH:0
FNF:17
FNH:0
end_of_record
SF:C:\Users\Troy\Code\dotNET\GardenCenter\GardenCenter.Tests\ProductTest.cs
FN:27,System.Void GardenCenter.Tests.ProductTest::TestGetProducts()
FNDA:0,System.Void GardenCenter.Tests.ProductTest::TestGetProducts()
DA:28,0
DA:29,0
DA:30,0
DA:31,0
DA:32,0
DA:33,0
DA:34,0
DA:36,0
DA:37,0
DA:38,0
DA:39,0
DA:40,0
DA:41,0
DA:42,0
DA:43,0
DA:44,0
DA:45,0
DA:47,0
DA:48,0
DA:49,0
DA:50,0
DA:51,0
DA:52,0
DA:53,0
DA:54,0
DA:55,0
DA:56,0
DA:58,0
DA:59,0
DA:60,0
DA:61,0
DA:62,0
DA:63,0
FN:66,System.Void GardenCenter.Tests.ProductTest::TestGetProductsBySku()
FNDA:0,System.Void GardenCenter.Tests.ProductTest::TestGetProductsBySku()
DA:67,0
DA:68,0
DA:69,0
DA:70,0
DA:71,0
DA:72,0
DA:73,0
DA:75,0
DA:76,0
DA:77,0
DA:78,0
DA:79,0
DA:80,0
DA:81,0
DA:82,0
DA:83,0
DA:84,0
DA:86,0
DA:87,0
DA:88,0
DA:89,0
DA:90,0
DA:91,0
DA:92,0
DA:93,0
DA:94,0
DA:95,0
DA:97,0
DA:98,0
DA:99,0
DA:100,0
DA:101,0
DA:102,0
DA:103,0
FN:106,System.Void GardenCenter.Tests.ProductTest::TestGetProductsByType()
FNDA:0,System.Void GardenCenter.Tests.ProductTest::TestGetProductsByType()
DA:107,0
DA:108,0
DA:109,0
DA:110,0
DA:111,0
DA:112,0
DA:113,0
DA:115,0
DA:116,0
DA:117,0
DA:118,0
DA:119,0
DA:120,0
DA:121,0
DA:122,0
DA:123,0
DA:124,0
DA:126,0
DA:127,0
DA:128,0
DA:129,0
DA:130,0
DA:131,0
DA:132,0
DA:133,0
DA:134,0
DA:135,0
DA:137,0
DA:138,0
DA:139,0
DA:140,0
DA:141,0
DA:142,0
DA:143,0
FN:146,System.Void GardenCenter.Tests.ProductTest::TestGetProductsByName()
FNDA:0,System.Void GardenCenter.Tests.ProductTest::TestGetProductsByName()
DA:147,0
DA:148,0
DA:149,0
DA:150,0
DA:151,0
DA:152,0
DA:153,0
DA:155,0
DA:156,0
DA:157,0
DA:158,0
DA:159,0
DA:160,0
DA:161,0
DA:162,0
DA:163,0
DA:164,0
DA:166,0
DA:167,0
DA:168,0
DA:169,0
DA:170,0
DA:171,0
DA:172,0
DA:173,0
DA:174,0
DA:175,0
DA:177,0
DA:178,0
DA:179,0
DA:180,0
DA:181,0
DA:182,0
DA:183,0
FN:186,System.Void GardenCenter.Tests.ProductTest::TestGetProductsByManufacturer()
FNDA:0,System.Void GardenCenter.Tests.ProductTest::TestGetProductsByManufacturer()
DA:187,0
DA:188,0
DA:189,0
DA:190,0
DA:191,0
DA:192,0
DA:193,0
DA:195,0
DA:196,0
DA:197,0
DA:198,0
DA:199,0
DA:200,0
DA:201,0
DA:202,0
DA:203,0
DA:204,0
DA:206,0
DA:207,0
DA:208,0
DA:209,0
DA:210,0
DA:211,0
DA:212,0
DA:213,0
DA:214,0
DA:215,0
DA:217,0
DA:218,0
DA:219,0
DA:220,0
DA:221,0
DA:222,0
DA:223,0
FN:226,System.Void GardenCenter.Tests.ProductTest::TestGetProductsByprice()
FNDA:0,System.Void GardenCenter.Tests.ProductTest::TestGetProductsByprice()
DA:227,0
DA:228,0
DA:229,0
DA:230,0
DA:231,0
DA:232,0
DA:233,0
DA:235,0
DA:236,0
DA:237,0
DA:238,0
DA:239,0
DA:240,0
DA:241,0
DA:242,0
DA:243,0
DA:244,0
DA:246,0
DA:247,0
DA:248,0
DA:249,0
DA:250,0
DA:251,0
DA:252,0
DA:253,0
DA:254,0
DA:255,0
DA:257,0
DA:258,0
DA:259,0
DA:260,0
DA:261,0
DA:262,0
DA:263,0
FN:266,System.Void GardenCenter.Tests.ProductTest::TestMatchingIds()
FNDA:0,System.Void GardenCenter.Tests.ProductTest::TestMatchingIds()
DA:267,0
DA:268,0
DA:269,0
DA:270,0
DA:271,0
DA:272,0
DA:273,0
DA:274,0
DA:275,0
DA:276,0
DA:277,0
DA:278,0
DA:279,0
DA:280,0
DA:281,0
DA:282,0
FN:285,System.Void GardenCenter.Tests.ProductTest::TestMatchingIds2()
FNDA:0,System.Void GardenCenter.Tests.ProductTest::TestMatchingIds2()
DA:286,0
DA:287,0
DA:288,0
DA:289,0
DA:290,0
DA:291,0
DA:292,0
DA:293,0
DA:294,0
DA:295,0
DA:296,0
DA:297,0
DA:298,0
DA:299,0
DA:300,0
DA:301,0
FN:304,System.Void GardenCenter.Tests.ProductTest::TestPriceFormat()
FNDA:0,System.Void GardenCenter.Tests.ProductTest::TestPriceFormat()
DA:305,0
DA:306,0
DA:307,0
DA:308,0
DA:309,0
DA:310,0
FN:313,System.Void GardenCenter.Tests.ProductTest::TestPriceFormat2()
FNDA:0,System.Void GardenCenter.Tests.ProductTest::TestPriceFormat2()
DA:314,0
DA:315,0
DA:316,0
DA:317,0
DA:318,0
DA:319,0
FN:322,System.Void GardenCenter.Tests.ProductTest::TestUniqueSku()
FNDA:0,System.Void GardenCenter.Tests.ProductTest::TestUniqueSku()
DA:323,0
DA:324,0
DA:325,0
DA:326,0
DA:327,0
DA:328,0
DA:329,0
DA:330,0
DA:331,0
DA:332,0
DA:333,0
DA:334,0
DA:336,0
DA:337,0
DA:338,0
DA:339,0
DA:340,0
DA:341,0
DA:342,0
DA:343,0
DA:344,0
DA:345,0
DA:346,0
DA:347,0
DA:348,0
DA:349,0
DA:350,0
DA:351,0
DA:352,0
DA:353,0
DA:354,0
DA:355,0
DA:357,0
DA:358,0
DA:360,0
DA:361,0
DA:362,0
DA:363,0
FN:366,System.Void GardenCenter.Tests.ProductTest::TestUniqueSku2()
FNDA:0,System.Void GardenCenter.Tests.ProductTest::TestUniqueSku2()
DA:367,0
DA:368,0
DA:369,0
DA:370,0
DA:371,0
DA:372,0
DA:373,0
DA:374,0
DA:375,0
DA:376,0
DA:377,0
DA:378,0
DA:380,0
DA:381,0
DA:382,0
DA:383,0
DA:384,0
DA:385,0
DA:386,0
DA:387,0
DA:388,0
DA:389,0
DA:390,0
DA:391,0
DA:392,0
DA:393,0
DA:394,0
DA:395,0
DA:396,0
DA:397,0
DA:398,0
DA:399,0
DA:401,0
DA:402,0
DA:404,0
DA:405,0
DA:406,0
DA:407,0
FN:410,System.Void GardenCenter.Tests.ProductTest::TestProductExists()
FNDA:0,System.Void GardenCenter.Tests.ProductTest::TestProductExists()
DA:411,0
DA:412,0
DA:413,0
DA:414,0
DA:415,0
DA:416,0
DA:417,0
DA:418,0
DA:419,0
DA:420,0
DA:421,0
DA:422,0
DA:424,0
DA:425,0
DA:426,0
DA:427,0
DA:428,0
FN:431,System.Void GardenCenter.Tests.ProductTest::TestProductExists2()
FNDA:0,System.Void GardenCenter.Tests.ProductTest::TestProductExists2()
DA:432,0
DA:433,0
DA:434,0
DA:435,0
DA:436,0
DA:437,0
DA:438,0
DA:439,0
DA:440,0
DA:441,0
DA:442,0
DA:443,0
DA:445,0
DA:446,0
DA:447,0
DA:448,0
DA:449,0
FN:20,System.Void GardenCenter.Tests.ProductTest::.ctor()
FNDA:0,System.Void GardenCenter.Tests.ProductTest::.ctor()
DA:21,0
DA:22,0
DA:23,0
DA:24,0
LF:361
LH:0
BRF:0
BRH:0
FNF:15
FNH:0
end_of_record
SF:C:\Users\Troy\Code\dotNET\GardenCenter\GardenCenter.Tests\UserTest.cs
FN:27,System.Void GardenCenter.Tests.UserTest::TestGetUsers()
FNDA:0,System.Void GardenCenter.Tests.UserTest::TestGetUsers()
DA:28,0
DA:29,0
DA:30,0
DA:31,0
DA:32,0
DA:33,0
DA:34,0
DA:35,0
DA:36,0
DA:37,0
DA:38,0
DA:39,0
DA:41,0
DA:42,0
DA:43,0
DA:44,0
DA:45,0
DA:46,0
DA:47,0
DA:48,0
DA:49,0
DA:50,0
DA:52,0
DA:53,0
DA:54,0
DA:55,0
DA:56,0
DA:57,0
DA:59,0
DA:60,0
DA:61,0
DA:62,0
DA:63,0
DA:64,0
DA:65,0
DA:66,0
DA:67,0
DA:69,0
DA:70,0
DA:71,0
DA:72,0
DA:73,0
DA:74,0
FN:77,System.Void GardenCenter.Tests.UserTest::TestGetCustomersByName()
FNDA:0,System.Void GardenCenter.Tests.UserTest::TestGetCustomersByName()
DA:78,0
DA:79,0
DA:80,0
DA:81,0
DA:82,0
DA:83,0
DA:84,0
DA:85,0
DA:86,0
DA:87,0
DA:88,0
DA:89,0
DA:91,0
DA:92,0
DA:93,0
DA:94,0
DA:95,0
DA:96,0
DA:97,0
DA:98,0
DA:99,0
DA:101,0
DA:102,0
DA:103,0
DA:104,0
DA:105,0
DA:106,0
DA:108,0
DA:109,0
DA:110,0
DA:111,0
DA:112,0
DA:113,0
DA:114,0
DA:115,0
DA:116,0
DA:118,0
DA:119,0
DA:120,0
DA:121,0
DA:122,0
DA:123,0
DA:124,0
FN:127,System.Void GardenCenter.Tests.UserTest::TestGetUsersByTitle()
FNDA:0,System.Void GardenCenter.Tests.UserTest::TestGetUsersByTitle()
DA:128,0
DA:129,0
DA:130,0
DA:131,0
DA:132,0
DA:133,0
DA:134,0
DA:135,0
DA:136,0
DA:137,0
DA:138,0
DA:139,0
DA:141,0
DA:142,0
DA:143,0
DA:144,0
DA:145,0
DA:146,0
DA:147,0
DA:148,0
DA:149,0
DA:151,0
DA:152,0
DA:153,0
DA:154,0
DA:155,0
DA:156,0
DA:158,0
DA:159,0
DA:160,0
DA:161,0
DA:162,0
DA:163,0
DA:164,0
DA:165,0
DA:166,0
DA:168,0
DA:169,0
DA:170,0
DA:171,0
DA:172,0
DA:173,0
DA:174,0
FN:177,System.Void GardenCenter.Tests.UserTest::TestGetCustomersByEmail()
FNDA:0,System.Void GardenCenter.Tests.UserTest::TestGetCustomersByEmail()
DA:178,0
DA:179,0
DA:180,0
DA:181,0
DA:182,0
DA:183,0
DA:184,0
DA:185,0
DA:186,0
DA:187,0
DA:188,0
DA:189,0
DA:191,0
DA:192,0
DA:193,0
DA:194,0
DA:195,0
DA:196,0
DA:197,0
DA:198,0
DA:199,0
DA:201,0
DA:202,0
DA:203,0
DA:204,0
DA:205,0
DA:206,0
DA:208,0
DA:209,0
DA:210,0
DA:211,0
DA:212,0
DA:213,0
DA:214,0
DA:215,0
DA:216,0
DA:218,0
DA:219,0
DA:220,0
DA:221,0
DA:222,0
DA:223,0
DA:224,0
FN:227,System.Void GardenCenter.Tests.UserTest::TestGetUsersByPassword()
FNDA:0,System.Void GardenCenter.Tests.UserTest::TestGetUsersByPassword()
DA:228,0
DA:229,0
DA:230,0
DA:231,0
DA:232,0
DA:233,0
DA:234,0
DA:235,0
DA:236,0
DA:237,0
DA:238,0
DA:239,0
DA:241,0
DA:242,0
DA:243,0
DA:244,0
DA:245,0
DA:246,0
DA:247,0
DA:248,0
DA:249,0
DA:251,0
DA:252,0
DA:253,0
DA:254,0
DA:255,0
DA:256,0
DA:258,0
DA:259,0
DA:260,0
DA:261,0
DA:262,0
DA:263,0
DA:264,0
DA:265,0
DA:266,0
DA:268,0
DA:269,0
DA:270,0
DA:271,0
DA:272,0
DA:273,0
DA:274,0
FN:277,System.Void GardenCenter.Tests.UserTest::TestGetUsersByAdmin()
FNDA:0,System.Void GardenCenter.Tests.UserTest::TestGetUsersByAdmin()
DA:278,0
DA:280,0
DA:281,0
DA:282,0
DA:283,0
DA:284,0
DA:285,0
DA:286,0
DA:288,0
DA:289,0
DA:290,0
DA:291,0
DA:292,0
DA:293,0
DA:294,0
DA:295,0
DA:296,0
DA:298,0
DA:299,0
DA:300,0
DA:301,0
DA:302,0
DA:303,0
DA:305,0
DA:306,0
DA:307,0
DA:308,0
DA:309,0
DA:310,0
DA:311,0
DA:312,0
DA:313,0
DA:315,0
DA:316,0
DA:317,0
DA:318,0
DA:319,0
DA:320,0
DA:321,0
FN:324,System.Void GardenCenter.Tests.UserTest::TestGetUsersByEmployee()
FNDA:0,System.Void GardenCenter.Tests.UserTest::TestGetUsersByEmployee()
DA:325,0
DA:327,0
DA:328,0
DA:329,0
DA:330,0
DA:331,0
DA:332,0
DA:333,0
DA:335,0
DA:336,0
DA:337,0
DA:338,0
DA:339,0
DA:340,0
DA:341,0
DA:342,0
DA:343,0
DA:345,0
DA:346,0
DA:347,0
DA:348,0
DA:349,0
DA:350,0
DA:352,0
DA:353,0
DA:354,0
DA:355,0
DA:356,0
DA:357,0
DA:358,0
DA:359,0
DA:360,0
DA:362,0
DA:363,0
DA:364,0
DA:365,0
DA:366,0
DA:367,0
DA:368,0
FN:371,System.Void GardenCenter.Tests.UserTest::TestPassword()
FNDA:0,System.Void GardenCenter.Tests.UserTest::TestPassword()
DA:372,0
DA:373,0
DA:374,0
DA:375,0
DA:376,0
DA:377,0
FN:380,System.Void GardenCenter.Tests.UserTest::TestPassword2()
FNDA:0,System.Void GardenCenter.Tests.UserTest::TestPassword2()
DA:381,0
DA:382,0
DA:383,0
DA:384,0
DA:385,0
DA:386,0
FN:389,System.Void GardenCenter.Tests.UserTest::TestEmail()
FNDA:0,System.Void GardenCenter.Tests.UserTest::TestEmail()
DA:390,0
DA:391,0
DA:392,0
DA:393,0
DA:394,0
DA:395,0
FN:398,System.Void GardenCenter.Tests.UserTest::TestEmail2()
FNDA:0,System.Void GardenCenter.Tests.UserTest::TestEmail2()
DA:399,0
DA:400,0
DA:401,0
DA:402,0
DA:403,0
DA:404,0
FN:407,System.Void GardenCenter.Tests.UserTest::TestUniqueEmail()
FNDA:0,System.Void GardenCenter.Tests.UserTest::TestUniqueEmail()
DA:408,0
DA:409,0
DA:410,0
DA:411,0
DA:412,0
DA:413,0
DA:414,0
DA:415,0
DA:417,0
DA:418,0
DA:419,0
DA:420,0
DA:421,0
DA:422,0
DA:423,0
DA:424,0
DA:425,0
DA:426,0
DA:428,0
DA:429,0
DA:430,0
DA:431,0
DA:432,0
DA:433,0
DA:435,0
DA:436,0
DA:437,0
DA:438,0
DA:439,0
DA:440,0
DA:441,0
DA:442,0
DA:443,0
DA:445,0
DA:446,0
DA:447,0
DA:448,0
DA:449,0
DA:450,0
DA:452,0
DA:453,0
DA:454,0
DA:455,0
DA:456,0
DA:457,0
DA:458,0
DA:459,0
DA:460,0
DA:462,0
DA:463,0
DA:464,0
DA:465,0
DA:466,0
DA:467,0
FN:470,System.Void GardenCenter.Tests.UserTest::TestUniqueEmail2()
FNDA:0,System.Void GardenCenter.Tests.UserTest::TestUniqueEmail2()
DA:471,0
DA:472,0
DA:473,0
DA:474,0
DA:475,0
DA:476,0
DA:477,0
DA:478,0
DA:480,0
DA:481,0
DA:482,0
DA:483,0
DA:484,0
DA:485,0
DA:486,0
DA:487,0
DA:488,0
DA:489,0
DA:491,0
DA:492,0
DA:493,0
DA:494,0
DA:495,0
DA:496,0
DA:498,0
DA:499,0
DA:500,0
DA:501,0
DA:502,0
DA:503,0
DA:504,0
DA:505,0
DA:506,0
DA:508,0
DA:509,0
DA:510,0
DA:511,0
DA:512,0
DA:513,0
DA:515,0
DA:516,0
DA:517,0
DA:518,0
DA:519,0
DA:520,0
DA:521,0
DA:522,0
DA:523,0
DA:525,0
DA:526,0
DA:527,0
DA:528,0
DA:529,0
DA:530,0
FN:533,System.Void GardenCenter.Tests.UserTest::TestMatchingIds()
FNDA:0,System.Void GardenCenter.Tests.UserTest::TestMatchingIds()
DA:534,0
DA:535,0
DA:536,0
DA:537,0
DA:538,0
DA:539,0
DA:540,0
DA:541,0
DA:543,0
DA:544,0
DA:545,0
DA:546,0
DA:547,0
DA:548,0
DA:549,0
DA:550,0
DA:551,0
DA:552,0
DA:554,0
DA:555,0
DA:556,0
DA:557,0
DA:558,0
FN:561,System.Void GardenCenter.Tests.UserTest::TestMatchingIds2()
FNDA:0,System.Void GardenCenter.Tests.UserTest::TestMatchingIds2()
DA:562,0
DA:563,0
DA:564,0
DA:565,0
DA:566,0
DA:567,0
DA:568,0
DA:569,0
DA:571,0
DA:572,0
DA:573,0
DA:574,0
DA:575,0
DA:576,0
DA:577,0
DA:578,0
DA:579,0
DA:580,0
DA:582,0
DA:583,0
DA:584,0
DA:585,0
DA:586,0
FN:589,System.Void GardenCenter.Tests.UserTest::TestUserExists()
FNDA:0,System.Void GardenCenter.Tests.UserTest::TestUserExists()
DA:590,0
DA:591,0
DA:592,0
DA:593,0
DA:594,0
DA:595,0
DA:596,0
DA:597,0
DA:599,0
DA:600,0
DA:601,0
DA:602,0
DA:603,0
DA:604,0
DA:605,0
DA:606,0
DA:607,0
DA:608,0
DA:610,0
DA:611,0
DA:612,0
DA:613,0
DA:614,0
FN:617,System.Void GardenCenter.Tests.UserTest::TestUserExists2()
FNDA:0,System.Void GardenCenter.Tests.UserTest::TestUserExists2()
DA:618,0
DA:619,0
DA:620,0
DA:621,0
DA:622,0
DA:623,0
DA:624,0
DA:625,0
DA:627,0
DA:628,0
DA:629,0
DA:630,0
DA:631,0
DA:632,0
DA:633,0
DA:634,0
DA:635,0
DA:636,0
DA:638,0
DA:639,0
DA:640,0
DA:641,0
DA:642,0
FN:20,System.Void GardenCenter.Tests.UserTest::.ctor()
FNDA:0,System.Void GardenCenter.Tests.UserTest::.ctor()
DA:21,0
DA:22,0
DA:23,0
DA:24,0
LF:521
LH:0
BRF:0
BRH:0
FNF:18
FNH:0
end_of_record
SF:C:\Users\Troy\Code\dotNET\GardenCenter\Controllers\CustomerController.cs
FN:29,System.Void GardenCenter.Controllers.CustomerController::.ctor(GardenCenter.Models.DatabaseContext)
FNDA:0,System.Void GardenCenter.Controllers.CustomerController::.ctor(GardenCenter.Models.DatabaseContext)
DA:30,0
DA:31,0
DA:32,0
DA:33,0
DA:35,0
FN:261,System.Void GardenCenter.Controllers.CustomerController/<DeleteCustomer>d__7::MoveNext()
FNDA:0,System.Void GardenCenter.Controllers.CustomerController/<DeleteCustomer>d__7::MoveNext()
DA:262,0
DA:263,0
DA:264,0
DA:265,0
DA:266,0
DA:268,0
DA:269,0
DA:270,0
DA:271,0
DA:272,0
DA:275,0
DA:276,0
DA:278,0
DA:279,0
BRDA:263,50,0,0
BRDA:263,50,1,0
BRDA:269,265,0,0
BRDA:269,265,1,0
FN:83,System.Void GardenCenter.Controllers.CustomerController/<GetCustomer>d__4::MoveNext()
FNDA:0,System.Void GardenCenter.Controllers.CustomerController/<GetCustomer>d__4::MoveNext()
DA:84,0
DA:85,0
DA:86,0
DA:87,0
DA:88,0
DA:90,0
DA:91,0
DA:93,0
DA:94,0
DA:95,0
DA:96,0
DA:99,0
DA:100,0
BRDA:85,50,0,0
BRDA:85,50,1,0
BRDA:93,424,0,0
BRDA:93,424,1,0
FN:53,System.Void GardenCenter.Controllers.CustomerController/<GetCustomers>d__3::MoveNext()
FNDA:0,System.Void GardenCenter.Controllers.CustomerController/<GetCustomers>d__3::MoveNext()
DA:54,0
DA:56,0
DA:57,0
DA:58,0
DA:59,0
DA:62,0
DA:66,0
DA:67,0
DA:69,0
DA:70,0
BRDA:56,50,0,0
BRDA:56,50,1,0
FN:197,System.Void GardenCenter.Controllers.CustomerController/<PostCustomer>d__6::MoveNext()
FNDA:0,System.Void GardenCenter.Controllers.CustomerController/<PostCustomer>d__6::MoveNext()
DA:198,0
DA:199,0
DA:200,0
DA:201,0
DA:202,0
DA:204,0
DA:205,0
DA:206,0
DA:207,0
DA:208,0
DA:209,0
DA:210,0
DA:211,0
DA:212,0
DA:213,0
DA:215,0
DA:216,0
DA:217,0
DA:218,0
DA:221,0
DA:222,0
DA:223,0
DA:224,0
DA:227,0
DA:228,0
DA:229,0
DA:230,0
DA:233,0
DA:234,0
DA:235,0
DA:236,0
DA:240,0
DA:241,0
DA:242,0
DA:243,0
DA:244,0
DA:247,0
DA:248,0
DA:249,0
BRDA:199,64,0,0
BRDA:199,64,1,0
BRDA:215,617,0,0
BRDA:215,617,1,0
BRDA:221,682,0,0
BRDA:221,682,1,0
BRDA:227,747,0,0
BRDA:227,747,1,0
BRDA:233,812,0,0
BRDA:233,812,1,0
BRDA:240,895,0,0
BRDA:240,895,1,0
FN:117,System.Void GardenCenter.Controllers.CustomerController/<PutCustomer>d__5::MoveNext()
FNDA:0,System.Void GardenCenter.Controllers.CustomerController/<PutCustomer>d__5::MoveNext()
DA:118,0
DA:121,0
DA:122,0
DA:123,0
DA:124,0
DA:125,0
DA:126,0
DA:127,0
DA:128,0
DA:129,0
DA:130,0
DA:131,0
DA:133,0
DA:134,0
DA:135,0
DA:136,0
DA:139,0
DA:140,0
DA:141,0
DA:142,0
DA:145,0
DA:146,0
DA:147,0
DA:148,0
DA:151,0
DA:152,0
DA:153,0
DA:154,0
DA:157,0
DA:158,0
DA:159,0
DA:160,0
DA:163,0
DA:164,0
DA:165,0
DA:166,0
DA:170,0
DA:171,0
DA:172,0
DA:173,0
DA:174,0
DA:175,0
DA:176,0
DA:179,0
DA:180,0
DA:181,0
BRDA:133,435,0,0
BRDA:133,435,1,0
BRDA:139,495,0,0
BRDA:139,495,1,0
BRDA:145,555,0,0
BRDA:145,555,1,0
BRDA:151,615,0,0
BRDA:151,615,1,0
BRDA:157,675,0,0
BRDA:157,675,1,0
BRDA:163,735,0,0
BRDA:163,735,1,0
BRDA:170,820,0,0
BRDA:170,820,1,0
LF:127
LH:0
BRF:36
BRH:0
FNF:6
FNH:0
end_of_record
SF:C:\Users\Troy\Code\dotNET\GardenCenter\Controllers\OrderController.cs
FN:26,System.Void GardenCenter.Controllers.OrderController::.ctor(GardenCenter.Models.DatabaseContext)
FNDA:0,System.Void GardenCenter.Controllers.OrderController::.ctor(GardenCenter.Models.DatabaseContext)
DA:27,0
DA:28,0
DA:29,0
DA:30,0
DA:32,0
FN:279,System.Void GardenCenter.Controllers.OrderController/<DeleteOrder>d__7::MoveNext()
FNDA:0,System.Void GardenCenter.Controllers.OrderController/<DeleteOrder>d__7::MoveNext()
DA:280,0
DA:281,0
DA:282,0
DA:283,0
DA:284,0
DA:286,0
DA:287,0
DA:288,0
DA:289,0
DA:290,0
DA:293,0
DA:294,0
DA:296,0
DA:297,0
BRDA:281,50,0,0
BRDA:281,50,1,0
BRDA:287,265,0,0
BRDA:287,265,1,0
FN:76,System.Void GardenCenter.Controllers.OrderController/<GetOrder>d__4::MoveNext()
FNDA:0,System.Void GardenCenter.Controllers.OrderController/<GetOrder>d__4::MoveNext()
DA:77,0
DA:78,0
DA:79,0
DA:80,0
DA:81,0
DA:83,0
DA:84,0
DA:86,0
DA:87,0
DA:88,0
DA:89,0
DA:92,0
DA:93,0
BRDA:78,50,0,0
BRDA:78,50,1,0
BRDA:86,419,0,0
BRDA:86,419,1,0
FN:49,System.Void GardenCenter.Controllers.OrderController/<GetOrders>d__3::MoveNext()
FNDA:0,System.Void GardenCenter.Controllers.OrderController/<GetOrders>d__3::MoveNext()
DA:50,0
DA:51,0
DA:52,0
DA:53,0
DA:54,0
DA:57,0
DA:58,0
DA:59,0
DA:61,0
DA:63,0
BRDA:51,50,0,0
BRDA:51,50,1,0
FN:198,System.Void GardenCenter.Controllers.OrderController/<PostOrder>d__6::MoveNext()
FNDA:0,System.Void GardenCenter.Controllers.OrderController/<PostOrder>d__6::MoveNext()
DA:199,0
DA:200,0
DA:201,0
DA:202,0
DA:203,0
DA:208,0
DA:209,0
DA:210,0
DA:211,0
DA:212,0
DA:213,0
DA:214,0
DA:215,0
DA:216,0
DA:217,0
DA:218,0
DA:219,0
DA:220,0
DA:223,0
DA:224,0
DA:225,0
DA:226,0
DA:229,0
DA:230,0
DA:231,0
DA:232,0
DA:236,0
DA:237,0
DA:238,0
DA:239,0
DA:243,0
DA:244,0
DA:245,0
DA:246,0
DA:250,0
DA:251,0
DA:252,0
DA:253,0
DA:257,0
DA:258,0
DA:259,0
DA:260,0
DA:261,0
DA:264,0
DA:265,0
DA:267,0
BRDA:200,73,0,0
BRDA:200,73,1,0
BRDA:223,843,0,0
BRDA:223,843,1,0
BRDA:229,908,0,0
BRDA:229,908,1,0
BRDA:236,973,0,0
BRDA:236,973,1,0
BRDA:243,1038,0,0
BRDA:243,1038,1,0
BRDA:250,1103,0,0
BRDA:250,1103,1,0
BRDA:257,1193,0,0
BRDA:257,1193,1,0
FN:109,System.Void GardenCenter.Controllers.OrderController/<PutOrder>d__5::MoveNext()
FNDA:0,System.Void GardenCenter.Controllers.OrderController/<PutOrder>d__5::MoveNext()
DA:110,0
DA:114,0
DA:115,0
DA:116,0
DA:117,0
DA:118,0
DA:119,0
DA:120,0
DA:121,0
DA:122,0
DA:123,0
DA:124,0
DA:125,0
DA:126,0
DA:127,0
DA:129,0
DA:130,0
DA:131,0
DA:132,0
DA:135,0
DA:136,0
DA:137,0
DA:138,0
DA:141,0
DA:142,0
DA:143,0
DA:144,0
DA:147,0
DA:148,0
DA:149,0
DA:150,0
DA:154,0
DA:155,0
DA:156,0
DA:157,0
DA:161,0
DA:162,0
DA:163,0
DA:164,0
DA:167,0
DA:168,0
DA:169,0
DA:173,0
DA:174,0
DA:175,0
DA:176,0
DA:177,0
DA:178,0
DA:179,0
DA:181,0
DA:182,0
DA:183,0
BRDA:129,951,0,0
BRDA:129,951,1,0
BRDA:135,1011,0,0
BRDA:135,1011,1,0
BRDA:141,1071,0,0
BRDA:141,1071,1,0
BRDA:147,1131,0,0
BRDA:147,1131,1,0
BRDA:154,1191,0,0
BRDA:154,1191,1,0
BRDA:161,1251,0,0
BRDA:161,1251,1,0
BRDA:167,1311,0,0
BRDA:167,1311,1,0
BRDA:173,1388,0,0
BRDA:173,1388,1,0
LF:140
LH:0
BRF:40
BRH:0
FNF:6
FNH:0
end_of_record
SF:C:\Users\Troy\Code\dotNET\GardenCenter\Controllers\ProductController.cs
FN:26,System.Void GardenCenter.Controllers.ProductController::.ctor(GardenCenter.Models.DatabaseContext)
FNDA:0,System.Void GardenCenter.Controllers.ProductController::.ctor(GardenCenter.Models.DatabaseContext)
DA:27,0
DA:28,0
DA:29,0
DA:30,0
DA:32,0
FN:221,System.Void GardenCenter.Controllers.ProductController/<DeleteProduct>d__7::MoveNext()
FNDA:0,System.Void GardenCenter.Controllers.ProductController/<DeleteProduct>d__7::MoveNext()
DA:222,0
DA:223,0
DA:224,0
DA:225,0
DA:226,0
DA:228,0
DA:229,0
DA:230,0
DA:231,0
DA:232,0
DA:235,0
DA:236,0
DA:238,0
DA:239,0
BRDA:223,50,0,0
BRDA:223,50,1,0
BRDA:229,265,0,0
BRDA:229,265,1,0
FN:75,System.Void GardenCenter.Controllers.ProductController/<GetProduct>d__4::MoveNext()
FNDA:0,System.Void GardenCenter.Controllers.ProductController/<GetProduct>d__4::MoveNext()
DA:76,0
DA:77,0
DA:78,0
DA:79,0
DA:80,0
DA:82,0
DA:84,0
DA:85,0
DA:86,0
DA:87,0
DA:90,0
DA:91,0
BRDA:77,39,0,0
BRDA:77,39,1,0
BRDA:84,259,0,0
BRDA:84,259,1,0
FN:50,System.Void GardenCenter.Controllers.ProductController/<GetProducts>d__3::MoveNext()
FNDA:0,System.Void GardenCenter.Controllers.ProductController/<GetProducts>d__3::MoveNext()
DA:51,0
DA:52,0
DA:53,0
DA:54,0
DA:55,0
DA:58,0
DA:59,0
DA:61,0
DA:62,0
BRDA:52,39,0,0
BRDA:52,39,1,0
FN:170,System.Void GardenCenter.Controllers.ProductController/<PostProduct>d__6::MoveNext()
FNDA:0,System.Void GardenCenter.Controllers.ProductController/<PostProduct>d__6::MoveNext()
DA:171,0
DA:172,0
DA:173,0
DA:174,0
DA:175,0
DA:180,0
DA:181,0
DA:182,0
DA:183,0
DA:184,0
DA:186,0
DA:187,0
DA:188,0
DA:189,0
DA:192,0
DA:193,0
DA:194,0
DA:195,0
DA:199,0
DA:200,0
DA:201,0
DA:202,0
DA:203,0
DA:206,0
DA:207,0
DA:208,0
BRDA:172,50,0,0
BRDA:172,50,1,0
BRDA:186,371,0,0
BRDA:186,371,1,0
BRDA:192,436,0,0
BRDA:192,436,1,0
BRDA:199,505,0,0
BRDA:199,505,1,0
FN:107,System.Void GardenCenter.Controllers.ProductController/<PutProduct>d__5::MoveNext()
FNDA:0,System.Void GardenCenter.Controllers.ProductController/<PutProduct>d__5::MoveNext()
DA:108,0
DA:112,0
DA:113,0
DA:114,0
DA:115,0
DA:116,0
DA:117,0
DA:118,0
DA:120,0
DA:121,0
DA:122,0
DA:123,0
DA:126,0
DA:127,0
DA:128,0
DA:129,0
DA:132,0
DA:133,0
DA:134,0
DA:135,0
DA:138,0
DA:139,0
DA:140,0
DA:141,0
DA:145,0
DA:146,0
DA:147,0
DA:148,0
DA:149,0
DA:150,0
DA:153,0
DA:154,0
DA:155,0
BRDA:120,338,0,0
BRDA:120,338,1,0
BRDA:126,398,0,0
BRDA:126,398,1,0
BRDA:132,458,0,0
BRDA:132,458,1,0
BRDA:138,518,0,0
BRDA:138,518,1,0
BRDA:145,589,0,0
BRDA:145,589,1,0
LF:99
LH:0
BRF:28
BRH:0
FNF:6
FNH:0
end_of_record
SF:C:\Users\Troy\Code\dotNET\GardenCenter\Controllers\UserController.cs
FN:25,System.Void GardenCenter.Controllers.UserController::.ctor(GardenCenter.Models.DatabaseContext)
FNDA:0,System.Void GardenCenter.Controllers.UserController::.ctor(GardenCenter.Models.DatabaseContext)
DA:26,0
DA:27,0
DA:28,0
DA:29,0
DA:31,0
FN:300,System.Void GardenCenter.Controllers.UserController/<DeleteUser>d__9::MoveNext()
FNDA:0,System.Void GardenCenter.Controllers.UserController/<DeleteUser>d__9::MoveNext()
DA:301,0
DA:302,0
DA:303,0
DA:304,0
DA:305,0
DA:307,0
DA:308,0
DA:309,0
DA:310,0
DA:311,0
DA:314,0
DA:315,0
DA:317,0
DA:318,0
BRDA:302,50,0,0
BRDA:302,50,1,0
BRDA:308,265,0,0
BRDA:308,265,1,0
FN:129,System.Void GardenCenter.Controllers.UserController/<GetUser>d__6::MoveNext()
FNDA:0,System.Void GardenCenter.Controllers.UserController/<GetUser>d__6::MoveNext()
DA:130,0
DA:131,0
DA:132,0
DA:133,0
DA:134,0
DA:138,0
DA:139,0
DA:141,0
DA:142,0
DA:143,0
DA:144,0
DA:147,0
DA:148,0
BRDA:131,50,0,0
BRDA:131,50,1,0
BRDA:141,419,0,0
BRDA:141,419,1,0
FN:75,System.Void GardenCenter.Controllers.UserController/<GetUserAdmin>d__4::MoveNext()
FNDA:0,System.Void GardenCenter.Controllers.UserController/<GetUserAdmin>d__4::MoveNext()
DA:76,0
DA:77,0
DA:78,0
DA:79,0
DA:80,0
DA:84,0
DA:85,0
DA:86,0
DA:88,0
DA:89,0
BRDA:77,50,0,0
BRDA:77,50,1,0
FN:102,System.Void GardenCenter.Controllers.UserController/<GetUserEmployee>d__5::MoveNext()
FNDA:0,System.Void GardenCenter.Controllers.UserController/<GetUserEmployee>d__5::MoveNext()
DA:103,0
DA:104,0
DA:105,0
DA:106,0
DA:107,0
DA:111,0
DA:112,0
DA:113,0
DA:115,0
DA:116,0
BRDA:104,50,0,0
BRDA:104,50,1,0
FN:47,System.Void GardenCenter.Controllers.UserController/<GetUsers>d__3::MoveNext()
FNDA:0,System.Void GardenCenter.Controllers.UserController/<GetUsers>d__3::MoveNext()
DA:48,0
DA:49,0
DA:50,0
DA:51,0
DA:52,0
DA:57,0
DA:58,0
DA:59,0
DA:61,0
DA:62,0
BRDA:49,50,0,0
BRDA:49,50,1,0
FN:242,System.Void GardenCenter.Controllers.UserController/<PostUser>d__8::MoveNext()
FNDA:0,System.Void GardenCenter.Controllers.UserController/<PostUser>d__8::MoveNext()
DA:243,0
DA:244,0
DA:245,0
DA:246,0
DA:247,0
DA:252,0
DA:253,0
DA:254,0
DA:255,0
DA:256,0
DA:257,0
DA:258,0
DA:260,0
DA:261,0
DA:262,0
DA:263,0
DA:266,0
DA:267,0
DA:268,0
DA:269,0
DA:272,0
DA:273,0
DA:274,0
DA:275,0
DA:279,0
DA:280,0
DA:281,0
DA:282,0
DA:283,0
DA:286,0
DA:287,0
DA:288,0
BRDA:244,64,0,0
BRDA:244,64,1,0
BRDA:260,560,0,0
BRDA:260,560,1,0
BRDA:266,625,0,0
BRDA:266,625,1,0
BRDA:272,690,0,0
BRDA:272,690,1,0
BRDA:279,766,0,0
BRDA:279,766,1,0
FN:165,System.Void GardenCenter.Controllers.UserController/<PutUser>d__7::MoveNext()
FNDA:0,System.Void GardenCenter.Controllers.UserController/<PutUser>d__7::MoveNext()
DA:166,0
DA:170,0
DA:171,0
DA:172,0
DA:173,0
DA:174,0
DA:175,0
DA:176,0
DA:178,0
DA:179,0
DA:180,0
DA:181,0
DA:184,0
DA:185,0
DA:186,0
DA:187,0
DA:190,0
DA:191,0
DA:192,0
DA:193,0
DA:196,0
DA:197,0
DA:198,0
DA:199,0
DA:202,0
DA:203,0
DA:204,0
DA:205,0
DA:208,0
DA:209,0
DA:210,0
DA:211,0
DA:215,0
DA:216,0
DA:217,0
DA:218,0
DA:219,0
DA:220,0
DA:221,0
DA:224,0
DA:225,0
DA:226,0
BRDA:178,365,0,0
BRDA:178,365,1,0
BRDA:184,420,0,0
BRDA:184,420,1,0
BRDA:190,480,0,0
BRDA:190,480,1,0
BRDA:196,540,0,0
BRDA:196,540,1,0
BRDA:202,600,0,0
BRDA:202,600,1,0
BRDA:208,660,0,0
BRDA:208,660,1,0
BRDA:215,745,0,0
BRDA:215,745,1,0
LF:136
LH:0
BRF:38
BRH:0
FNF:8
FNH:0
end_of_record